<?xml version="1.0" encoding="UTF-8" ?>
<testsuite errors="0" failures="0" hostname="CCELA-306B9B7" name="com.allstate.auto.tests.ScenarioID1test" skipped="0" tests="1" time="20.34" timestamp="2013-04-11T22:17:10">
  <properties>
[...]
</properties>
  <testcase classname="com.allstate.auto.tests.ScenarioID1test" name="ScenarioID1test" time="20.199" />
  <system-out><![CDATA[0 [main] DEBUG org.apache.commons.configuration.PropertiesConfiguration  - FileName set to D:\documents and settings\hsinn\IBM\rationalsdp\workspace\allstate.alliance.test_newafter/AutomatedTests/env.properties
16 [main] DEBUG org.apache.commons.configuration.ConfigurationUtils  - ConfigurationUtils.locate(): base is null, name is D:\documents and settings\hsinn\IBM\rationalsdp\workspace\allstate.alliance.test_newafter/AutomatedTests/env.properties
16 [main] DEBUG org.apache.commons.configuration.DefaultFileSystem  - Could not locate file D:\documents and settings\hsinn\IBM\rationalsdp\workspace\allstate.alliance.test_newafter/AutomatedTests/env.properties at null: unknown protocol: d
16 [main] DEBUG org.apache.commons.configuration.ConfigurationUtils  - Loading configuration from the absolute path D:\documents and settings\hsinn\IBM\rationalsdp\workspace\allstate.alliance.test_newafter/AutomatedTests/env.properties
16 [main] DEBUG org.apache.commons.configuration.PropertiesConfiguration  - Base path set to file:///D:/documents%20and%20settings/hsinn/IBM/rationalsdp/workspace/allstate.alliance.test_newafter/AutomatedTests/env.properties
31 [main] DEBUG org.apache.commons.configuration.PropertiesConfiguration  - FileName set to D:\documents and settings\hsinn\IBM\rationalsdp\workspace\allstate.alliance.test_newafter/AutomatedTests/testData.properties
31 [main] DEBUG org.apache.commons.configuration.ConfigurationUtils  - ConfigurationUtils.locate(): base is null, name is D:\documents and settings\hsinn\IBM\rationalsdp\workspace\allstate.alliance.test_newafter/AutomatedTests/testData.properties
31 [main] DEBUG org.apache.commons.configuration.DefaultFileSystem  - Could not locate file D:\documents and settings\hsinn\IBM\rationalsdp\workspace\allstate.alliance.test_newafter/AutomatedTests/testData.properties at null: unknown protocol: d
31 [main] DEBUG org.apache.commons.configuration.ConfigurationUtils  - Loading configuration from the absolute path D:\documents and settings\hsinn\IBM\rationalsdp\workspace\allstate.alliance.test_newafter/AutomatedTests/testData.properties
31 [main] DEBUG org.apache.commons.configuration.PropertiesConfiguration  - Base path set to file:///D:/documents%20and%20settings/hsinn/IBM/rationalsdp/workspace/allstate.alliance.test_newafter/AutomatedTests/testData.properties
http://sxz0120:21180/DevWebUtilWEB/impersonateMenu.jsp?TSD=dv2101
3403 [Forwarding newSession on session null to remote] DEBUG org.apache.http.impl.conn.tsccm.ThreadSafeClientConnManager  - Get connection: {}->http://localhost:38029, timeout = 120000
3403 [Forwarding newSession on session null to remote] DEBUG org.apache.http.impl.conn.tsccm.ConnPoolByRoute  - [{}->http://localhost:38029] total kept alive: 0, total issued: 0, total allocated: 0 out of 2000
3403 [Forwarding newSession on session null to remote] DEBUG org.apache.http.impl.conn.tsccm.ConnPoolByRoute  - No free connections [{}->http://localhost:38029][null]
3403 [Forwarding newSession on session null to remote] DEBUG org.apache.http.impl.conn.tsccm.ConnPoolByRoute  - Available capacity: 2000 out of 2000 [{}->http://localhost:38029][null]
3403 [Forwarding newSession on session null to remote] DEBUG org.apache.http.impl.conn.tsccm.ConnPoolByRoute  - Creating new connection [{}->http://localhost:38029]
3403 [Forwarding newSession on session null to remote] DEBUG org.apache.http.impl.conn.DefaultClientConnectionOperator  - Connecting to localhost:38029
3419 [Forwarding newSession on session null to remote] DEBUG org.apache.http.client.protocol.RequestAddCookies  - CookieSpec selected: best-match
3434 [Forwarding newSession on session null to remote] DEBUG org.apache.http.client.protocol.RequestAuthCache  - Auth cache not set in the context
3434 [Forwarding newSession on session null to remote] DEBUG org.apache.http.client.protocol.RequestTargetAuthentication  - Target auth state: UNCHALLENGED
3434 [Forwarding newSession on session null to remote] DEBUG org.apache.http.client.protocol.RequestProxyAuthentication  - Proxy auth state: UNCHALLENGED
3434 [Forwarding newSession on session null to remote] DEBUG org.apache.http.impl.client.DefaultHttpClient  - Attempt 1 to execute request
3434 [Forwarding newSession on session null to remote] DEBUG org.apache.http.impl.conn.DefaultClientConnection  - Sending request: POST /session HTTP/1.1
3434 [Forwarding newSession on session null to remote] DEBUG org.apache.http.wire  - >> "POST /session HTTP/1.1[\r][\n]"
3434 [Forwarding newSession on session null to remote] DEBUG org.apache.http.wire  - >> "Accept: application/json, image/png[\r][\n]"
3434 [Forwarding newSession on session null to remote] DEBUG org.apache.http.wire  - >> "Content-Type: application/json; charset=utf-8[\r][\n]"
3434 [Forwarding newSession on session null to remote] DEBUG org.apache.http.wire  - >> "Content-Length: 119[\r][\n]"
3434 [Forwarding newSession on session null to remote] DEBUG org.apache.http.wire  - >> "Host: localhost:38029[\r][\n]"
3434 [Forwarding newSession on session null to remote] DEBUG org.apache.http.wire  - >> "Connection: Keep-Alive[\r][\n]"
3434 [Forwarding newSession on session null to remote] DEBUG org.apache.http.wire  - >> "[\r][\n]"
3434 [Forwarding newSession on session null to remote] DEBUG org.apache.http.headers  - >> POST /session HTTP/1.1
3434 [Forwarding newSession on session null to remote] DEBUG org.apache.http.headers  - >> Accept: application/json, image/png
3434 [Forwarding newSession on session null to remote] DEBUG org.apache.http.headers  - >> Content-Type: application/json; charset=utf-8
3434 [Forwarding newSession on session null to remote] DEBUG org.apache.http.headers  - >> Content-Length: 119
3434 [Forwarding newSession on session null to remote] DEBUG org.apache.http.headers  - >> Host: localhost:38029
3434 [Forwarding newSession on session null to remote] DEBUG org.apache.http.headers  - >> Connection: Keep-Alive
3434 [Forwarding newSession on session null to remote] DEBUG org.apache.http.wire  - >> "{"desiredCapabilities":{"platform":"WINDOWS","ensureCleanSession":true,"browserName":"internet explorer","version":""}}"
4293 [Forwarding newSession on session null to remote] DEBUG org.apache.http.wire  - << "HTTP/1.1 303 See Other[\r][\n]"
4293 [Forwarding newSession on session null to remote] DEBUG org.apache.http.wire  - << "Location: /session/79884c66-605f-4a8c-9556-5013692f6c33[\r][\n]"
4293 [Forwarding newSession on session null to remote] DEBUG org.apache.http.wire  - << "Content-Type: text/html[\r][\n]"
4293 [Forwarding newSession on session null to remote] DEBUG org.apache.http.wire  - << "Content-Length: 0[\r][\n]"
4293 [Forwarding newSession on session null to remote] DEBUG org.apache.http.wire  - << "[\r][\n]"
4293 [Forwarding newSession on session null to remote] DEBUG org.apache.http.impl.conn.DefaultClientConnection  - Receiving response: HTTP/1.1 303 See Other
4293 [Forwarding newSession on session null to remote] DEBUG org.apache.http.headers  - << HTTP/1.1 303 See Other
4293 [Forwarding newSession on session null to remote] DEBUG org.apache.http.headers  - << Location: /session/79884c66-605f-4a8c-9556-5013692f6c33
4293 [Forwarding newSession on session null to remote] DEBUG org.apache.http.headers  - << Content-Type: text/html
4293 [Forwarding newSession on session null to remote] DEBUG org.apache.http.headers  - << Content-Length: 0
4293 [Forwarding newSession on session null to remote] DEBUG org.apache.http.impl.client.DefaultHttpClient  - Connection can be kept alive indefinitely
4293 [Forwarding newSession on session null to remote] DEBUG org.apache.http.impl.client.DefaultRedirectStrategy  - Redirect requested to location '/session/79884c66-605f-4a8c-9556-5013692f6c33'
4293 [Forwarding newSession on session null to remote] DEBUG org.apache.http.impl.client.DefaultHttpClient  - Redirecting to 'http://localhost:38029/session/79884c66-605f-4a8c-9556-5013692f6c33' via {}->http://localhost:38029
4293 [Forwarding newSession on session null to remote] DEBUG org.apache.http.client.protocol.RequestAddCookies  - CookieSpec selected: best-match
4293 [Forwarding newSession on session null to remote] DEBUG org.apache.http.client.protocol.RequestAuthCache  - Auth cache not set in the context
4293 [Forwarding newSession on session null to remote] DEBUG org.apache.http.client.protocol.RequestTargetAuthentication  - Target auth state: UNCHALLENGED
4293 [Forwarding newSession on session null to remote] DEBUG org.apache.http.client.protocol.RequestProxyAuthentication  - Proxy auth state: UNCHALLENGED
4293 [Forwarding newSession on session null to remote] DEBUG org.apache.http.impl.client.DefaultHttpClient  - Attempt 2 to execute request
4293 [Forwarding newSession on session null to remote] DEBUG org.apache.http.impl.conn.DefaultClientConnection  - Sending request: GET /session/79884c66-605f-4a8c-9556-5013692f6c33 HTTP/1.1
4293 [Forwarding newSession on session null to remote] DEBUG org.apache.http.wire  - >> "GET /session/79884c66-605f-4a8c-9556-5013692f6c33 HTTP/1.1[\r][\n]"
4293 [Forwarding newSession on session null to remote] DEBUG org.apache.http.wire  - >> "Accept: application/json, image/png[\r][\n]"
4293 [Forwarding newSession on session null to remote] DEBUG org.apache.http.wire  - >> "Content-Type: application/json; charset=utf-8[\r][\n]"
4293 [Forwarding newSession on session null to remote] DEBUG org.apache.http.wire  - >> "Host: localhost:38029[\r][\n]"
4293 [Forwarding newSession on session null to remote] DEBUG org.apache.http.wire  - >> "Connection: Keep-Alive[\r][\n]"
4293 [Forwarding newSession on session null to remote] DEBUG org.apache.http.wire  - >> "[\r][\n]"
4293 [Forwarding newSession on session null to remote] DEBUG org.apache.http.headers  - >> GET /session/79884c66-605f-4a8c-9556-5013692f6c33 HTTP/1.1
4293 [Forwarding newSession on session null to remote] DEBUG org.apache.http.headers  - >> Accept: application/json, image/png
4293 [Forwarding newSession on session null to remote] DEBUG org.apache.http.headers  - >> Content-Type: application/json; charset=utf-8
4293 [Forwarding newSession on session null to remote] DEBUG org.apache.http.headers  - >> Host: localhost:38029
4293 [Forwarding newSession on session null to remote] DEBUG org.apache.http.headers  - >> Connection: Keep-Alive
4293 [Forwarding newSession on session null to remote] DEBUG org.apache.http.impl.conn.DefaultClientConnection  - Connection 0.0.0.0:4001<->127.0.0.1:38029 closed
4293 [Forwarding newSession on session null to remote] DEBUG org.apache.http.impl.client.DefaultHttpClient  - Closing the connection.
4293 [Forwarding newSession on session null to remote] DEBUG org.apache.http.impl.conn.DefaultClientConnection  - Connection 0.0.0.0:4001<->127.0.0.1:38029 closed
4293 [Forwarding newSession on session null to remote] INFO org.apache.http.impl.client.DefaultHttpClient  - I/O exception (org.apache.http.NoHttpResponseException) caught when processing request: The target server failed to respond
4293 [Forwarding newSession on session null to remote] DEBUG org.apache.http.impl.client.DefaultHttpClient  - The target server failed to respond
org.apache.http.NoHttpResponseException: The target server failed to respond
	at org.apache.http.impl.conn.DefaultHttpResponseParser.parseHead(DefaultHttpResponseParser.java:95)
	at org.apache.http.impl.conn.DefaultHttpResponseParser.parseHead(DefaultHttpResponseParser.java:62)
	at org.apache.http.impl.io.AbstractMessageParser.parse(AbstractMessageParser.java:254)
	at org.apache.http.impl.AbstractHttpClientConnection.receiveResponseHeader(AbstractHttpClientConnection.java:289)
	at org.apache.http.impl.conn.DefaultClientConnection.receiveResponseHeader(DefaultClientConnection.java:252)
	at org.apache.http.impl.conn.AbstractClientConnAdapter.receiveResponseHeader(AbstractClientConnAdapter.java:219)
	at org.apache.http.protocol.HttpRequestExecutor.doReceiveResponse(HttpRequestExecutor.java:300)
	at org.apache.http.protocol.HttpRequestExecutor.execute(HttpRequestExecutor.java:127)
	at org.apache.http.impl.client.DefaultRequestDirector.tryExecute(DefaultRequestDirector.java:712)
	at org.apache.http.impl.client.DefaultRequestDirector.execute(DefaultRequestDirector.java:517)
	at org.apache.http.impl.client.AbstractHttpClient.execute(AbstractHttpClient.java:906)
	at org.openqa.selenium.remote.HttpCommandExecutor.fallBackExecute(HttpCommandExecutor.java:316)
	at org.openqa.selenium.remote.HttpCommandExecutor.execute(HttpCommandExecutor.java:295)
	at org.openqa.selenium.remote.service.DriverCommandExecutor.execute(DriverCommandExecutor.java:66)
	at org.openqa.selenium.remote.RemoteWebDriver.execute(RemoteWebDriver.java:527)
	at org.openqa.selenium.remote.RemoteWebDriver.startSession(RemoteWebDriver.java:216)
	at org.openqa.selenium.remote.RemoteWebDriver.startSession(RemoteWebDriver.java:201)
	at org.openqa.selenium.ie.InternetExplorerDriver.setup(InternetExplorerDriver.java:105)
	at org.openqa.selenium.ie.InternetExplorerDriver.<init>(InternetExplorerDriver.java:51)
	at com.allstate.auto.tests.ScenarioID1test.setUp(ScenarioID1test.java:83)
	at sun.reflect.NativeMethodAccessorImpl.invoke0(Native Method)
	at sun.reflect.NativeMethodAccessorImpl.invoke(NativeMethodAccessorImpl.java:57)
	at sun.reflect.DelegatingMethodAccessorImpl.invoke(DelegatingMethodAccessorImpl.java:43)
	at java.lang.reflect.Method.invoke(Method.java:601)
	at org.junit.runners.model.FrameworkMethod$1.runReflectiveCall(FrameworkMethod.java:44)
	at org.junit.internal.runners.model.ReflectiveCallable.run(ReflectiveCallable.java:15)
	at org.junit.runners.model.FrameworkMethod.invokeExplosively(FrameworkMethod.java:41)
	at org.junit.internal.runners.statements.RunBefores.evaluate(RunBefores.java:27)
	at org.junit.internal.runners.statements.RunAfters.evaluate(RunAfters.java:31)
	at org.junit.runners.BlockJUnit4ClassRunner.runChild(BlockJUnit4ClassRunner.java:76)
	at org.junit.runners.BlockJUnit4ClassRunner.runChild(BlockJUnit4ClassRunner.java:50)
	at org.junit.runners.ParentRunner$3.run(ParentRunner.java:193)
	at org.junit.runners.ParentRunner$1.schedule(ParentRunner.java:52)
	at org.junit.runners.ParentRunner.runChildren(ParentRunner.java:191)
	at org.junit.runners.ParentRunner.access$000(ParentRunner.java:42)
	at org.junit.runners.ParentRunner$2.evaluate(ParentRunner.java:184)
	at org.junit.runners.ParentRunner.run(ParentRunner.java:236)
	at junit.framework.JUnit4TestAdapter.run(JUnit4TestAdapter.java:39)
	at org.apache.tools.ant.taskdefs.optional.junit.JUnitTestRunner.run(JUnitTestRunner.java:522)
	at org.apache.tools.ant.taskdefs.optional.junit.JUnitTestRunner.launch(JUnitTestRunner.java:1062)
	at org.apache.tools.ant.taskdefs.optional.junit.JUnitTestRunner.main(JUnitTestRunner.java:913)
4324 [Forwarding newSession on session null to remote] INFO org.apache.http.impl.client.DefaultHttpClient  - Retrying request
4324 [Forwarding newSession on session null to remote] DEBUG org.apache.http.impl.client.DefaultHttpClient  - Reopening the direct connection.
4324 [Forwarding newSession on session null to remote] DEBUG org.apache.http.impl.conn.DefaultClientConnectionOperator  - Connecting to localhost:38029
4324 [Forwarding newSession on session null to remote] DEBUG org.apache.http.impl.client.DefaultHttpClient  - Attempt 3 to execute request
4324 [Forwarding newSession on session null to remote] DEBUG org.apache.http.impl.conn.DefaultClientConnection  - Sending request: GET /session/79884c66-605f-4a8c-9556-5013692f6c33 HTTP/1.1
4324 [Forwarding newSession on session null to remote] DEBUG org.apache.http.wire  - >> "GET /session/79884c66-605f-4a8c-9556-5013692f6c33 HTTP/1.1[\r][\n]"
4324 [Forwarding newSession on session null to remote] DEBUG org.apache.http.wire  - >> "Accept: application/json, image/png[\r][\n]"
4324 [Forwarding newSession on session null to remote] DEBUG org.apache.http.wire  - >> "Content-Type: application/json; charset=utf-8[\r][\n]"
4324 [Forwarding newSession on session null to remote] DEBUG org.apache.http.wire  - >> "Host: localhost:38029[\r][\n]"
4324 [Forwarding newSession on session null to remote] DEBUG org.apache.http.wire  - >> "Connection: Keep-Alive[\r][\n]"
4324 [Forwarding newSession on session null to remote] DEBUG org.apache.http.wire  - >> "[\r][\n]"
4324 [Forwarding newSession on session null to remote] DEBUG org.apache.http.headers  - >> GET /session/79884c66-605f-4a8c-9556-5013692f6c33 HTTP/1.1
4324 [Forwarding newSession on session null to remote] DEBUG org.apache.http.headers  - >> Accept: application/json, image/png
4324 [Forwarding newSession on session null to remote] DEBUG org.apache.http.headers  - >> Content-Type: application/json; charset=utf-8
4324 [Forwarding newSession on session null to remote] DEBUG org.apache.http.headers  - >> Host: localhost:38029
4324 [Forwarding newSession on session null to remote] DEBUG org.apache.http.headers  - >> Connection: Keep-Alive
4340 [Forwarding newSession on session null to remote] DEBUG org.apache.http.wire  - << "HTTP/1.1 200 OK[\r][\n]"
4340 [Forwarding newSession on session null to remote] DEBUG org.apache.http.wire  - << "Content-Length: 531[\r][\n]"
4340 [Forwarding newSession on session null to remote] DEBUG org.apache.http.wire  - << "Content-Type: application/json; charset=UTF-8[\r][\n]"
4340 [Forwarding newSession on session null to remote] DEBUG org.apache.http.wire  - << "Vary: Accept-Charset, Accept-Encoding, Accept-Language, Accept[\r][\n]"
4340 [Forwarding newSession on session null to remote] DEBUG org.apache.http.wire  - << "Accept-Ranges: bytes[\r][\n]"
4340 [Forwarding newSession on session null to remote] DEBUG org.apache.http.wire  - << "Connection: close[\r][\n]"
4340 [Forwarding newSession on session null to remote] DEBUG org.apache.http.wire  - << "[\r][\n]"
4340 [Forwarding newSession on session null to remote] DEBUG org.apache.http.impl.conn.DefaultClientConnection  - Receiving response: HTTP/1.1 200 OK
4340 [Forwarding newSession on session null to remote] DEBUG org.apache.http.headers  - << HTTP/1.1 200 OK
4340 [Forwarding newSession on session null to remote] DEBUG org.apache.http.headers  - << Content-Length: 531
4340 [Forwarding newSession on session null to remote] DEBUG org.apache.http.headers  - << Content-Type: application/json; charset=UTF-8
4340 [Forwarding newSession on session null to remote] DEBUG org.apache.http.headers  - << Vary: Accept-Charset, Accept-Encoding, Accept-Language, Accept
4340 [Forwarding newSession on session null to remote] DEBUG org.apache.http.headers  - << Accept-Ranges: bytes
4340 [Forwarding newSession on session null to remote] DEBUG org.apache.http.headers  - << Connection: close
4340 [Forwarding newSession on session null to remote] DEBUG org.apache.http.wire  - << "{"sessionId":"79884c66-605f-4a8c-9556-5013692f6c33","status":0,"value":{"allowAsynchronousJavaScript":true,"browserName":"internet explorer","cssSelectorsEnabled":true,"elementScrollBehavior":0,"enableElementCacheCleanup":true,"enablePersistentHover":true,"handlesAlerts":true,"ignoreProtectedModeSettings":false,"ignoreZoomSetting":false,"initialBrowserUrl":"","javascriptEnabled":true,"nativeEvents":true,"platform":"WINDOWS","requireWindowFocus":false,"takesScreenshot":true,"unexpectedAlertBehaviour":"dismiss","version":"8"}}[\n]"
4340 [Forwarding newSession on session null to remote] DEBUG org.apache.http.impl.conn.DefaultClientConnection  - Connection 0.0.0.0:4007<->127.0.0.1:38029 shut down
4340 [Forwarding newSession on session null to remote] DEBUG org.apache.http.impl.conn.tsccm.ThreadSafeClientConnManager  - Released connection is not reusable.
4340 [Forwarding newSession on session null to remote] DEBUG org.apache.http.impl.conn.tsccm.ConnPoolByRoute  - Releasing connection [{}->http://localhost:38029][null]
4340 [Forwarding newSession on session null to remote] DEBUG org.apache.http.impl.conn.DefaultClientConnection  - Connection 0.0.0.0:4007<->127.0.0.1:38029 closed
4340 [Forwarding newSession on session null to remote] DEBUG org.apache.http.impl.conn.tsccm.ConnPoolByRoute  - Notifying no-one, there are no waiting threads
4340 [Forwarding implicitlyWait on session 79884c66-605f-4a8c-9556-5013692f6c33 to remote] DEBUG org.apache.http.impl.conn.tsccm.ThreadSafeClientConnManager  - Get connection: {}->http://localhost:38029, timeout = 120000
4340 [Forwarding implicitlyWait on session 79884c66-605f-4a8c-9556-5013692f6c33 to remote] DEBUG org.apache.http.impl.conn.tsccm.ConnPoolByRoute  - [{}->http://localhost:38029] total kept alive: 0, total issued: 0, total allocated: 0 out of 2000
4340 [Forwarding implicitlyWait on session 79884c66-605f-4a8c-9556-5013692f6c33 to remote] DEBUG org.apache.http.impl.conn.tsccm.ConnPoolByRoute  - No free connections [{}->http://localhost:38029][null]
4340 [Forwarding implicitlyWait on session 79884c66-605f-4a8c-9556-5013692f6c33 to remote] DEBUG org.apache.http.impl.conn.tsccm.ConnPoolByRoute  - Available capacity: 2000 out of 2000 [{}->http://localhost:38029][null]
4340 [Forwarding implicitlyWait on session 79884c66-605f-4a8c-9556-5013692f6c33 to remote] DEBUG org.apache.http.impl.conn.tsccm.ConnPoolByRoute  - Creating new connection [{}->http://localhost:38029]
4340 [Forwarding implicitlyWait on session 79884c66-605f-4a8c-9556-5013692f6c33 to remote] DEBUG org.apache.http.impl.conn.DefaultClientConnectionOperator  - Connecting to localhost:38029
4340 [Forwarding implicitlyWait on session 79884c66-605f-4a8c-9556-5013692f6c33 to remote] DEBUG org.apache.http.client.protocol.RequestAddCookies  - CookieSpec selected: best-match
4340 [Forwarding implicitlyWait on session 79884c66-605f-4a8c-9556-5013692f6c33 to remote] DEBUG org.apache.http.client.protocol.RequestAuthCache  - Auth cache not set in the context
4340 [Forwarding implicitlyWait on session 79884c66-605f-4a8c-9556-5013692f6c33 to remote] DEBUG org.apache.http.client.protocol.RequestTargetAuthentication  - Target auth state: UNCHALLENGED
4340 [Forwarding implicitlyWait on session 79884c66-605f-4a8c-9556-5013692f6c33 to remote] DEBUG org.apache.http.client.protocol.RequestProxyAuthentication  - Proxy auth state: UNCHALLENGED
4340 [Forwarding implicitlyWait on session 79884c66-605f-4a8c-9556-5013692f6c33 to remote] DEBUG org.apache.http.impl.client.DefaultHttpClient  - Attempt 1 to execute request
4340 [Forwarding implicitlyWait on session 79884c66-605f-4a8c-9556-5013692f6c33 to remote] DEBUG org.apache.http.impl.conn.DefaultClientConnection  - Sending request: POST /session/79884c66-605f-4a8c-9556-5013692f6c33/timeouts/implicit_wait HTTP/1.1
4340 [Forwarding implicitlyWait on session 79884c66-605f-4a8c-9556-5013692f6c33 to remote] DEBUG org.apache.http.wire  - >> "POST /session/79884c66-605f-4a8c-9556-5013692f6c33/timeouts/implicit_wait HTTP/1.1[\r][\n]"
4340 [Forwarding implicitlyWait on session 79884c66-605f-4a8c-9556-5013692f6c33 to remote] DEBUG org.apache.http.wire  - >> "Accept: application/json, image/png[\r][\n]"
4340 [Forwarding implicitlyWait on session 79884c66-605f-4a8c-9556-5013692f6c33 to remote] DEBUG org.apache.http.wire  - >> "Content-Type: application/json; charset=utf-8[\r][\n]"
4340 [Forwarding implicitlyWait on session 79884c66-605f-4a8c-9556-5013692f6c33 to remote] DEBUG org.apache.http.wire  - >> "Content-Length: 12[\r][\n]"
4340 [Forwarding implicitlyWait on session 79884c66-605f-4a8c-9556-5013692f6c33 to remote] DEBUG org.apache.http.wire  - >> "Host: localhost:38029[\r][\n]"
4340 [Forwarding implicitlyWait on session 79884c66-605f-4a8c-9556-5013692f6c33 to remote] DEBUG org.apache.http.wire  - >> "Connection: Keep-Alive[\r][\n]"
4340 [Forwarding implicitlyWait on session 79884c66-605f-4a8c-9556-5013692f6c33 to remote] DEBUG org.apache.http.wire  - >> "[\r][\n]"
4340 [Forwarding implicitlyWait on session 79884c66-605f-4a8c-9556-5013692f6c33 to remote] DEBUG org.apache.http.headers  - >> POST /session/79884c66-605f-4a8c-9556-5013692f6c33/timeouts/implicit_wait HTTP/1.1
4340 [Forwarding implicitlyWait on session 79884c66-605f-4a8c-9556-5013692f6c33 to remote] DEBUG org.apache.http.headers  - >> Accept: application/json, image/png
4340 [Forwarding implicitlyWait on session 79884c66-605f-4a8c-9556-5013692f6c33 to remote] DEBUG org.apache.http.headers  - >> Content-Type: application/json; charset=utf-8
4340 [Forwarding implicitlyWait on session 79884c66-605f-4a8c-9556-5013692f6c33 to remote] DEBUG org.apache.http.headers  - >> Content-Length: 12
4340 [Forwarding implicitlyWait on session 79884c66-605f-4a8c-9556-5013692f6c33 to remote] DEBUG org.apache.http.headers  - >> Host: localhost:38029
4340 [Forwarding implicitlyWait on session 79884c66-605f-4a8c-9556-5013692f6c33 to remote] DEBUG org.apache.http.headers  - >> Connection: Keep-Alive
4340 [Forwarding implicitlyWait on session 79884c66-605f-4a8c-9556-5013692f6c33 to remote] DEBUG org.apache.http.wire  - >> "{"ms":10000}"
4355 [Forwarding implicitlyWait on session 79884c66-605f-4a8c-9556-5013692f6c33 to remote] DEBUG org.apache.http.wire  - << "HTTP/1.1 200 OK[\r][\n]"
4355 [Forwarding implicitlyWait on session 79884c66-605f-4a8c-9556-5013692f6c33 to remote] DEBUG org.apache.http.wire  - << "Content-Length: 77[\r][\n]"
4355 [Forwarding implicitlyWait on session 79884c66-605f-4a8c-9556-5013692f6c33 to remote] DEBUG org.apache.http.wire  - << "Content-Type: application/json; charset=UTF-8[\r][\n]"
4355 [Forwarding implicitlyWait on session 79884c66-605f-4a8c-9556-5013692f6c33 to remote] DEBUG org.apache.http.wire  - << "Vary: Accept-Charset, Accept-Encoding, Accept-Language, Accept[\r][\n]"
4355 [Forwarding implicitlyWait on session 79884c66-605f-4a8c-9556-5013692f6c33 to remote] DEBUG org.apache.http.wire  - << "Accept-Ranges: bytes[\r][\n]"
4355 [Forwarding implicitlyWait on session 79884c66-605f-4a8c-9556-5013692f6c33 to remote] DEBUG org.apache.http.wire  - << "Connection: close[\r][\n]"
4355 [Forwarding implicitlyWait on session 79884c66-605f-4a8c-9556-5013692f6c33 to remote] DEBUG org.apache.http.wire  - << "[\r][\n]"
4355 [Forwarding implicitlyWait on session 79884c66-605f-4a8c-9556-5013692f6c33 to remote] DEBUG org.apache.http.impl.conn.DefaultClientConnection  - Receiving response: HTTP/1.1 200 OK
4355 [Forwarding implicitlyWait on session 79884c66-605f-4a8c-9556-5013692f6c33 to remote] DEBUG org.apache.http.headers  - << HTTP/1.1 200 OK
4355 [Forwarding implicitlyWait on session 79884c66-605f-4a8c-9556-5013692f6c33 to remote] DEBUG org.apache.http.headers  - << Content-Length: 77
4355 [Forwarding implicitlyWait on session 79884c66-605f-4a8c-9556-5013692f6c33 to remote] DEBUG org.apache.http.headers  - << Content-Type: application/json; charset=UTF-8
4355 [Forwarding implicitlyWait on session 79884c66-605f-4a8c-9556-5013692f6c33 to remote] DEBUG org.apache.http.headers  - << Vary: Accept-Charset, Accept-Encoding, Accept-Language, Accept
4355 [Forwarding implicitlyWait on session 79884c66-605f-4a8c-9556-5013692f6c33 to remote] DEBUG org.apache.http.headers  - << Accept-Ranges: bytes
4355 [Forwarding implicitlyWait on session 79884c66-605f-4a8c-9556-5013692f6c33 to remote] DEBUG org.apache.http.headers  - << Connection: close
4355 [Forwarding implicitlyWait on session 79884c66-605f-4a8c-9556-5013692f6c33 to remote] DEBUG org.apache.http.wire  - << "{"sessionId":"79884c66-605f-4a8c-9556-5013692f6c33","status":0,"value":null}[\n]"
4355 [Forwarding implicitlyWait on session 79884c66-605f-4a8c-9556-5013692f6c33 to remote] DEBUG org.apache.http.impl.conn.DefaultClientConnection  - Connection 0.0.0.0:4009<->127.0.0.1:38029 shut down
4355 [Forwarding implicitlyWait on session 79884c66-605f-4a8c-9556-5013692f6c33 to remote] DEBUG org.apache.http.impl.conn.tsccm.ThreadSafeClientConnManager  - Released connection is not reusable.
4355 [Forwarding implicitlyWait on session 79884c66-605f-4a8c-9556-5013692f6c33 to remote] DEBUG org.apache.http.impl.conn.tsccm.ConnPoolByRoute  - Releasing connection [{}->http://localhost:38029][null]
4355 [Forwarding implicitlyWait on session 79884c66-605f-4a8c-9556-5013692f6c33 to remote] DEBUG org.apache.http.impl.conn.DefaultClientConnection  - Connection 0.0.0.0:4009<->127.0.0.1:38029 closed
4355 [Forwarding implicitlyWait on session 79884c66-605f-4a8c-9556-5013692f6c33 to remote] DEBUG org.apache.http.impl.conn.tsccm.ConnPoolByRoute  - Notifying no-one, there are no waiting threads
4355 [Forwarding get on session 79884c66-605f-4a8c-9556-5013692f6c33 to remote] DEBUG org.apache.http.impl.conn.tsccm.ThreadSafeClientConnManager  - Get connection: {}->http://localhost:38029, timeout = 120000
4355 [Forwarding get on session 79884c66-605f-4a8c-9556-5013692f6c33 to remote] DEBUG org.apache.http.impl.conn.tsccm.ConnPoolByRoute  - [{}->http://localhost:38029] total kept alive: 0, total issued: 0, total allocated: 0 out of 2000
4355 [Forwarding get on session 79884c66-605f-4a8c-9556-5013692f6c33 to remote] DEBUG org.apache.http.impl.conn.tsccm.ConnPoolByRoute  - No free connections [{}->http://localhost:38029][null]
4355 [Forwarding get on session 79884c66-605f-4a8c-9556-5013692f6c33 to remote] DEBUG org.apache.http.impl.conn.tsccm.ConnPoolByRoute  - Available capacity: 2000 out of 2000 [{}->http://localhost:38029][null]
4355 [Forwarding get on session 79884c66-605f-4a8c-9556-5013692f6c33 to remote] DEBUG org.apache.http.impl.conn.tsccm.ConnPoolByRoute  - Creating new connection [{}->http://localhost:38029]
4355 [Forwarding get on session 79884c66-605f-4a8c-9556-5013692f6c33 to remote] DEBUG org.apache.http.impl.conn.DefaultClientConnectionOperator  - Connecting to localhost:38029
4355 [Forwarding get on session 79884c66-605f-4a8c-9556-5013692f6c33 to remote] DEBUG org.apache.http.client.protocol.RequestAddCookies  - CookieSpec selected: best-match
4355 [Forwarding get on session 79884c66-605f-4a8c-9556-5013692f6c33 to remote] DEBUG org.apache.http.client.protocol.RequestAuthCache  - Auth cache not set in the context
4355 [Forwarding get on session 79884c66-605f-4a8c-9556-5013692f6c33 to remote] DEBUG org.apache.http.client.protocol.RequestTargetAuthentication  - Target auth state: UNCHALLENGED
4355 [Forwarding get on session 79884c66-605f-4a8c-9556-5013692f6c33 to remote] DEBUG org.apache.http.client.protocol.RequestProxyAuthentication  - Proxy auth state: UNCHALLENGED
4355 [Forwarding get on session 79884c66-605f-4a8c-9556-5013692f6c33 to remote] DEBUG org.apache.http.impl.client.DefaultHttpClient  - Attempt 1 to execute request
4355 [Forwarding get on session 79884c66-605f-4a8c-9556-5013692f6c33 to remote] DEBUG org.apache.http.impl.conn.DefaultClientConnection  - Sending request: POST /session/79884c66-605f-4a8c-9556-5013692f6c33/url HTTP/1.1
4355 [Forwarding get on session 79884c66-605f-4a8c-9556-5013692f6c33 to remote] DEBUG org.apache.http.wire  - >> "POST /session/79884c66-605f-4a8c-9556-5013692f6c33/url HTTP/1.1[\r][\n]"
4355 [Forwarding get on session 79884c66-605f-4a8c-9556-5013692f6c33 to remote] DEBUG org.apache.http.wire  - >> "Accept: application/json, image/png[\r][\n]"
4355 [Forwarding get on session 79884c66-605f-4a8c-9556-5013692f6c33 to remote] DEBUG org.apache.http.wire  - >> "Content-Type: application/json; charset=utf-8[\r][\n]"
4355 [Forwarding get on session 79884c66-605f-4a8c-9556-5013692f6c33 to remote] DEBUG org.apache.http.wire  - >> "Content-Length: 75[\r][\n]"
4355 [Forwarding get on session 79884c66-605f-4a8c-9556-5013692f6c33 to remote] DEBUG org.apache.http.wire  - >> "Host: localhost:38029[\r][\n]"
4355 [Forwarding get on session 79884c66-605f-4a8c-9556-5013692f6c33 to remote] DEBUG org.apache.http.wire  - >> "Connection: Keep-Alive[\r][\n]"
4355 [Forwarding get on session 79884c66-605f-4a8c-9556-5013692f6c33 to remote] DEBUG org.apache.http.wire  - >> "[\r][\n]"
4355 [Forwarding get on session 79884c66-605f-4a8c-9556-5013692f6c33 to remote] DEBUG org.apache.http.headers  - >> POST /session/79884c66-605f-4a8c-9556-5013692f6c33/url HTTP/1.1
4355 [Forwarding get on session 79884c66-605f-4a8c-9556-5013692f6c33 to remote] DEBUG org.apache.http.headers  - >> Accept: application/json, image/png
4355 [Forwarding get on session 79884c66-605f-4a8c-9556-5013692f6c33 to remote] DEBUG org.apache.http.headers  - >> Content-Type: application/json; charset=utf-8
4355 [Forwarding get on session 79884c66-605f-4a8c-9556-5013692f6c33 to remote] DEBUG org.apache.http.headers  - >> Content-Length: 75
4355 [Forwarding get on session 79884c66-605f-4a8c-9556-5013692f6c33 to remote] DEBUG org.apache.http.headers  - >> Host: localhost:38029
4355 [Forwarding get on session 79884c66-605f-4a8c-9556-5013692f6c33 to remote] DEBUG org.apache.http.headers  - >> Connection: Keep-Alive
4355 [Forwarding get on session 79884c66-605f-4a8c-9556-5013692f6c33 to remote] DEBUG org.apache.http.wire  - >> "{"url":"http://sxz0120:21180/DevWebUtilWEB/impersonateMenu.jsp?TSD=dv2101"}"
4823 [Forwarding get on session 79884c66-605f-4a8c-9556-5013692f6c33 to remote] DEBUG org.apache.http.wire  - << "HTTP/1.1 200 OK[\r][\n]"
4823 [Forwarding get on session 79884c66-605f-4a8c-9556-5013692f6c33 to remote] DEBUG org.apache.http.wire  - << "Content-Length: 77[\r][\n]"
4823 [Forwarding get on session 79884c66-605f-4a8c-9556-5013692f6c33 to remote] DEBUG org.apache.http.wire  - << "Content-Type: application/json; charset=UTF-8[\r][\n]"
4823 [Forwarding get on session 79884c66-605f-4a8c-9556-5013692f6c33 to remote] DEBUG org.apache.http.wire  - << "Vary: Accept-Charset, Accept-Encoding, Accept-Language, Accept[\r][\n]"
4823 [Forwarding get on session 79884c66-605f-4a8c-9556-5013692f6c33 to remote] DEBUG org.apache.http.wire  - << "Accept-Ranges: bytes[\r][\n]"
4823 [Forwarding get on session 79884c66-605f-4a8c-9556-5013692f6c33 to remote] DEBUG org.apache.http.wire  - << "Connection: close[\r][\n]"
4823 [Forwarding get on session 79884c66-605f-4a8c-9556-5013692f6c33 to remote] DEBUG org.apache.http.wire  - << "[\r][\n]"
4823 [Forwarding get on session 79884c66-605f-4a8c-9556-5013692f6c33 to remote] DEBUG org.apache.http.impl.conn.DefaultClientConnection  - Receiving response: HTTP/1.1 200 OK
4823 [Forwarding get on session 79884c66-605f-4a8c-9556-5013692f6c33 to remote] DEBUG org.apache.http.headers  - << HTTP/1.1 200 OK
4823 [Forwarding get on session 79884c66-605f-4a8c-9556-5013692f6c33 to remote] DEBUG org.apache.http.headers  - << Content-Length: 77
4823 [Forwarding get on session 79884c66-605f-4a8c-9556-5013692f6c33 to remote] DEBUG org.apache.http.headers  - << Content-Type: application/json; charset=UTF-8
4823 [Forwarding get on session 79884c66-605f-4a8c-9556-5013692f6c33 to remote] DEBUG org.apache.http.headers  - << Vary: Accept-Charset, Accept-Encoding, Accept-Language, Accept
4823 [Forwarding get on session 79884c66-605f-4a8c-9556-5013692f6c33 to remote] DEBUG org.apache.http.headers  - << Accept-Ranges: bytes
4823 [Forwarding get on session 79884c66-605f-4a8c-9556-5013692f6c33 to remote] DEBUG org.apache.http.headers  - << Connection: close
4823 [Forwarding get on session 79884c66-605f-4a8c-9556-5013692f6c33 to remote] DEBUG org.apache.http.wire  - << "{"sessionId":"79884c66-605f-4a8c-9556-5013692f6c33","status":0,"value":null}[\n]"
4823 [Forwarding get on session 79884c66-605f-4a8c-9556-5013692f6c33 to remote] DEBUG org.apache.http.impl.conn.DefaultClientConnection  - Connection 0.0.0.0:4010<->127.0.0.1:38029 shut down
4823 [Forwarding get on session 79884c66-605f-4a8c-9556-5013692f6c33 to remote] DEBUG org.apache.http.impl.conn.tsccm.ThreadSafeClientConnManager  - Released connection is not reusable.
4823 [Forwarding get on session 79884c66-605f-4a8c-9556-5013692f6c33 to remote] DEBUG org.apache.http.impl.conn.tsccm.ConnPoolByRoute  - Releasing connection [{}->http://localhost:38029][null]
4823 [Forwarding get on session 79884c66-605f-4a8c-9556-5013692f6c33 to remote] DEBUG org.apache.http.impl.conn.DefaultClientConnection  - Connection 0.0.0.0:4010<->127.0.0.1:38029 closed
4823 [Forwarding get on session 79884c66-605f-4a8c-9556-5013692f6c33 to remote] DEBUG org.apache.http.impl.conn.tsccm.ConnPoolByRoute  - Notifying no-one, there are no waiting threads
4823 [Forwarding implicitlyWait on session 79884c66-605f-4a8c-9556-5013692f6c33 to remote] DEBUG org.apache.http.impl.conn.tsccm.ThreadSafeClientConnManager  - Get connection: {}->http://localhost:38029, timeout = 120000
4823 [Forwarding implicitlyWait on session 79884c66-605f-4a8c-9556-5013692f6c33 to remote] DEBUG org.apache.http.impl.conn.tsccm.ConnPoolByRoute  - [{}->http://localhost:38029] total kept alive: 0, total issued: 0, total allocated: 0 out of 2000
4823 [Forwarding implicitlyWait on session 79884c66-605f-4a8c-9556-5013692f6c33 to remote] DEBUG org.apache.http.impl.conn.tsccm.ConnPoolByRoute  - No free connections [{}->http://localhost:38029][null]
4823 [Forwarding implicitlyWait on session 79884c66-605f-4a8c-9556-5013692f6c33 to remote] DEBUG org.apache.http.impl.conn.tsccm.ConnPoolByRoute  - Available capacity: 2000 out of 2000 [{}->http://localhost:38029][null]
4823 [Forwarding implicitlyWait on session 79884c66-605f-4a8c-9556-5013692f6c33 to remote] DEBUG org.apache.http.impl.conn.tsccm.ConnPoolByRoute  - Creating new connection [{}->http://localhost:38029]
4823 [Forwarding implicitlyWait on session 79884c66-605f-4a8c-9556-5013692f6c33 to remote] DEBUG org.apache.http.impl.conn.DefaultClientConnectionOperator  - Connecting to localhost:38029
4823 [Forwarding implicitlyWait on session 79884c66-605f-4a8c-9556-5013692f6c33 to remote] DEBUG org.apache.http.client.protocol.RequestAddCookies  - CookieSpec selected: best-match
4823 [Forwarding implicitlyWait on session 79884c66-605f-4a8c-9556-5013692f6c33 to remote] DEBUG org.apache.http.client.protocol.RequestAuthCache  - Auth cache not set in the context
4823 [Forwarding implicitlyWait on session 79884c66-605f-4a8c-9556-5013692f6c33 to remote] DEBUG org.apache.http.client.protocol.RequestTargetAuthentication  - Target auth state: UNCHALLENGED
4823 [Forwarding implicitlyWait on session 79884c66-605f-4a8c-9556-5013692f6c33 to remote] DEBUG org.apache.http.client.protocol.RequestProxyAuthentication  - Proxy auth state: UNCHALLENGED
4823 [Forwarding implicitlyWait on session 79884c66-605f-4a8c-9556-5013692f6c33 to remote] DEBUG org.apache.http.impl.client.DefaultHttpClient  - Attempt 1 to execute request
4823 [Forwarding implicitlyWait on session 79884c66-605f-4a8c-9556-5013692f6c33 to remote] DEBUG org.apache.http.impl.conn.DefaultClientConnection  - Sending request: POST /session/79884c66-605f-4a8c-9556-5013692f6c33/timeouts/implicit_wait HTTP/1.1
4823 [Forwarding implicitlyWait on session 79884c66-605f-4a8c-9556-5013692f6c33 to remote] DEBUG org.apache.http.wire  - >> "POST /session/79884c66-605f-4a8c-9556-5013692f6c33/timeouts/implicit_wait HTTP/1.1[\r][\n]"
4823 [Forwarding implicitlyWait on session 79884c66-605f-4a8c-9556-5013692f6c33 to remote] DEBUG org.apache.http.wire  - >> "Accept: application/json, image/png[\r][\n]"
4823 [Forwarding implicitlyWait on session 79884c66-605f-4a8c-9556-5013692f6c33 to remote] DEBUG org.apache.http.wire  - >> "Content-Type: application/json; charset=utf-8[\r][\n]"
4823 [Forwarding implicitlyWait on session 79884c66-605f-4a8c-9556-5013692f6c33 to remote] DEBUG org.apache.http.wire  - >> "Content-Length: 12[\r][\n]"
4823 [Forwarding implicitlyWait on session 79884c66-605f-4a8c-9556-5013692f6c33 to remote] DEBUG org.apache.http.wire  - >> "Host: localhost:38029[\r][\n]"
4823 [Forwarding implicitlyWait on session 79884c66-605f-4a8c-9556-5013692f6c33 to remote] DEBUG org.apache.http.wire  - >> "Connection: Keep-Alive[\r][\n]"
4823 [Forwarding implicitlyWait on session 79884c66-605f-4a8c-9556-5013692f6c33 to remote] DEBUG org.apache.http.wire  - >> "[\r][\n]"
4823 [Forwarding implicitlyWait on session 79884c66-605f-4a8c-9556-5013692f6c33 to remote] DEBUG org.apache.http.headers  - >> POST /session/79884c66-605f-4a8c-9556-5013692f6c33/timeouts/implicit_wait HTTP/1.1
4823 [Forwarding implicitlyWait on session 79884c66-605f-4a8c-9556-5013692f6c33 to remote] DEBUG org.apache.http.headers  - >> Accept: application/json, image/png
4823 [Forwarding implicitlyWait on session 79884c66-605f-4a8c-9556-5013692f6c33 to remote] DEBUG org.apache.http.headers  - >> Content-Type: application/json; charset=utf-8
4823 [Forwarding implicitlyWait on session 79884c66-605f-4a8c-9556-5013692f6c33 to remote] DEBUG org.apache.http.headers  - >> Content-Length: 12
4823 [Forwarding implicitlyWait on session 79884c66-605f-4a8c-9556-5013692f6c33 to remote] DEBUG org.apache.http.headers  - >> Host: localhost:38029
4823 [Forwarding implicitlyWait on session 79884c66-605f-4a8c-9556-5013692f6c33 to remote] DEBUG org.apache.http.headers  - >> Connection: Keep-Alive
4823 [Forwarding implicitlyWait on session 79884c66-605f-4a8c-9556-5013692f6c33 to remote] DEBUG org.apache.http.wire  - >> "{"ms":20000}"
4839 [Forwarding implicitlyWait on session 79884c66-605f-4a8c-9556-5013692f6c33 to remote] DEBUG org.apache.http.wire  - << "HTTP/1.1 200 OK[\r][\n]"
4839 [Forwarding implicitlyWait on session 79884c66-605f-4a8c-9556-5013692f6c33 to remote] DEBUG org.apache.http.wire  - << "Content-Length: 77[\r][\n]"
4839 [Forwarding implicitlyWait on session 79884c66-605f-4a8c-9556-5013692f6c33 to remote] DEBUG org.apache.http.wire  - << "Content-Type: application/json; charset=UTF-8[\r][\n]"
4839 [Forwarding implicitlyWait on session 79884c66-605f-4a8c-9556-5013692f6c33 to remote] DEBUG org.apache.http.wire  - << "Vary: Accept-Charset, Accept-Encoding, Accept-Language, Accept[\r][\n]"
4839 [Forwarding implicitlyWait on session 79884c66-605f-4a8c-9556-5013692f6c33 to remote] DEBUG org.apache.http.wire  - << "Accept-Ranges: bytes[\r][\n]"
4839 [Forwarding implicitlyWait on session 79884c66-605f-4a8c-9556-5013692f6c33 to remote] DEBUG org.apache.http.wire  - << "Connection: close[\r][\n]"
4839 [Forwarding implicitlyWait on session 79884c66-605f-4a8c-9556-5013692f6c33 to remote] DEBUG org.apache.http.wire  - << "[\r][\n]"
4839 [Forwarding implicitlyWait on session 79884c66-605f-4a8c-9556-5013692f6c33 to remote] DEBUG org.apache.http.impl.conn.DefaultClientConnection  - Receiving response: HTTP/1.1 200 OK
4839 [Forwarding implicitlyWait on session 79884c66-605f-4a8c-9556-5013692f6c33 to remote] DEBUG org.apache.http.headers  - << HTTP/1.1 200 OK
4839 [Forwarding implicitlyWait on session 79884c66-605f-4a8c-9556-5013692f6c33 to remote] DEBUG org.apache.http.headers  - << Content-Length: 77
4839 [Forwarding implicitlyWait on session 79884c66-605f-4a8c-9556-5013692f6c33 to remote] DEBUG org.apache.http.headers  - << Content-Type: application/json; charset=UTF-8
4839 [Forwarding implicitlyWait on session 79884c66-605f-4a8c-9556-5013692f6c33 to remote] DEBUG org.apache.http.headers  - << Vary: Accept-Charset, Accept-Encoding, Accept-Language, Accept
4839 [Forwarding implicitlyWait on session 79884c66-605f-4a8c-9556-5013692f6c33 to remote] DEBUG org.apache.http.headers  - << Accept-Ranges: bytes
4839 [Forwarding implicitlyWait on session 79884c66-605f-4a8c-9556-5013692f6c33 to remote] DEBUG org.apache.http.headers  - << Connection: close
4839 [Forwarding implicitlyWait on session 79884c66-605f-4a8c-9556-5013692f6c33 to remote] DEBUG org.apache.http.wire  - << "{"sessionId":"79884c66-605f-4a8c-9556-5013692f6c33","status":0,"value":null}[\n]"
4839 [Forwarding implicitlyWait on session 79884c66-605f-4a8c-9556-5013692f6c33 to remote] DEBUG org.apache.http.impl.conn.DefaultClientConnection  - Connection 0.0.0.0:4015<->127.0.0.1:38029 shut down
4839 [Forwarding implicitlyWait on session 79884c66-605f-4a8c-9556-5013692f6c33 to remote] DEBUG org.apache.http.impl.conn.tsccm.ThreadSafeClientConnManager  - Released connection is not reusable.
4839 [Forwarding implicitlyWait on session 79884c66-605f-4a8c-9556-5013692f6c33 to remote] DEBUG org.apache.http.impl.conn.tsccm.ConnPoolByRoute  - Releasing connection [{}->http://localhost:38029][null]
4839 [Forwarding implicitlyWait on session 79884c66-605f-4a8c-9556-5013692f6c33 to remote] DEBUG org.apache.http.impl.conn.DefaultClientConnection  - Connection 0.0.0.0:4015<->127.0.0.1:38029 closed
4839 [Forwarding implicitlyWait on session 79884c66-605f-4a8c-9556-5013692f6c33 to remote] DEBUG org.apache.http.impl.conn.tsccm.ConnPoolByRoute  - Notifying no-one, there are no waiting threads
4839 [main] INFO com.allstate.utilities.LogHelper  - *********************************************************************************
4839 [main] INFO com.allstate.utilities.LogHelper  - Test Case Id    = ScenarioID 1 Test Case
4839 [main] INFO com.allstate.utilities.LogHelper  - Test Case Desc  = Description still needs to be created
4839 [main] INFO com.allstate.utilities.LogHelper  - Test Case Start = Thu Apr 11 17:17:15 CDT 2013
4839 [main] INFO com.allstate.utilities.LogHelper  - ---------------------------------------------------------------------------------
5089 [Forwarding findElement on session 79884c66-605f-4a8c-9556-5013692f6c33 to remote] DEBUG org.apache.http.impl.conn.tsccm.ThreadSafeClientConnManager  - Get connection: {}->http://localhost:38029, timeout = 120000
5089 [Forwarding findElement on session 79884c66-605f-4a8c-9556-5013692f6c33 to remote] DEBUG org.apache.http.impl.conn.tsccm.ConnPoolByRoute  - [{}->http://localhost:38029] total kept alive: 0, total issued: 0, total allocated: 0 out of 2000
5089 [Forwarding findElement on session 79884c66-605f-4a8c-9556-5013692f6c33 to remote] DEBUG org.apache.http.impl.conn.tsccm.ConnPoolByRoute  - No free connections [{}->http://localhost:38029][null]
5089 [Forwarding findElement on session 79884c66-605f-4a8c-9556-5013692f6c33 to remote] DEBUG org.apache.http.impl.conn.tsccm.ConnPoolByRoute  - Available capacity: 2000 out of 2000 [{}->http://localhost:38029][null]
5089 [Forwarding findElement on session 79884c66-605f-4a8c-9556-5013692f6c33 to remote] DEBUG org.apache.http.impl.conn.tsccm.ConnPoolByRoute  - Creating new connection [{}->http://localhost:38029]
5089 [Forwarding findElement on session 79884c66-605f-4a8c-9556-5013692f6c33 to remote] DEBUG org.apache.http.impl.conn.DefaultClientConnectionOperator  - Connecting to localhost:38029
5089 [Forwarding findElement on session 79884c66-605f-4a8c-9556-5013692f6c33 to remote] DEBUG org.apache.http.client.protocol.RequestAddCookies  - CookieSpec selected: best-match
5089 [Forwarding findElement on session 79884c66-605f-4a8c-9556-5013692f6c33 to remote] DEBUG org.apache.http.client.protocol.RequestAuthCache  - Auth cache not set in the context
5089 [Forwarding findElement on session 79884c66-605f-4a8c-9556-5013692f6c33 to remote] DEBUG org.apache.http.client.protocol.RequestTargetAuthentication  - Target auth state: UNCHALLENGED
5089 [Forwarding findElement on session 79884c66-605f-4a8c-9556-5013692f6c33 to remote] DEBUG org.apache.http.client.protocol.RequestProxyAuthentication  - Proxy auth state: UNCHALLENGED
5089 [Forwarding findElement on session 79884c66-605f-4a8c-9556-5013692f6c33 to remote] DEBUG org.apache.http.impl.client.DefaultHttpClient  - Attempt 1 to execute request
5089 [Forwarding findElement on session 79884c66-605f-4a8c-9556-5013692f6c33 to remote] DEBUG org.apache.http.impl.conn.DefaultClientConnection  - Sending request: POST /session/79884c66-605f-4a8c-9556-5013692f6c33/element HTTP/1.1
5089 [Forwarding findElement on session 79884c66-605f-4a8c-9556-5013692f6c33 to remote] DEBUG org.apache.http.wire  - >> "POST /session/79884c66-605f-4a8c-9556-5013692f6c33/element HTTP/1.1[\r][\n]"
5089 [Forwarding findElement on session 79884c66-605f-4a8c-9556-5013692f6c33 to remote] DEBUG org.apache.http.wire  - >> "Accept: application/json, image/png[\r][\n]"
5089 [Forwarding findElement on session 79884c66-605f-4a8c-9556-5013692f6c33 to remote] DEBUG org.apache.http.wire  - >> "Content-Type: application/json; charset=utf-8[\r][\n]"
5089 [Forwarding findElement on session 79884c66-605f-4a8c-9556-5013692f6c33 to remote] DEBUG org.apache.http.wire  - >> "Content-Length: 49[\r][\n]"
5089 [Forwarding findElement on session 79884c66-605f-4a8c-9556-5013692f6c33 to remote] DEBUG org.apache.http.wire  - >> "Host: localhost:38029[\r][\n]"
5089 [Forwarding findElement on session 79884c66-605f-4a8c-9556-5013692f6c33 to remote] DEBUG org.apache.http.wire  - >> "Connection: Keep-Alive[\r][\n]"
5089 [Forwarding findElement on session 79884c66-605f-4a8c-9556-5013692f6c33 to remote] DEBUG org.apache.http.wire  - >> "[\r][\n]"
5089 [Forwarding findElement on session 79884c66-605f-4a8c-9556-5013692f6c33 to remote] DEBUG org.apache.http.headers  - >> POST /session/79884c66-605f-4a8c-9556-5013692f6c33/element HTTP/1.1
5089 [Forwarding findElement on session 79884c66-605f-4a8c-9556-5013692f6c33 to remote] DEBUG org.apache.http.headers  - >> Accept: application/json, image/png
5089 [Forwarding findElement on session 79884c66-605f-4a8c-9556-5013692f6c33 to remote] DEBUG org.apache.http.headers  - >> Content-Type: application/json; charset=utf-8
5089 [Forwarding findElement on session 79884c66-605f-4a8c-9556-5013692f6c33 to remote] DEBUG org.apache.http.headers  - >> Content-Length: 49
5089 [Forwarding findElement on session 79884c66-605f-4a8c-9556-5013692f6c33 to remote] DEBUG org.apache.http.headers  - >> Host: localhost:38029
5089 [Forwarding findElement on session 79884c66-605f-4a8c-9556-5013692f6c33 to remote] DEBUG org.apache.http.headers  - >> Connection: Keep-Alive
5089 [Forwarding findElement on session 79884c66-605f-4a8c-9556-5013692f6c33 to remote] DEBUG org.apache.http.wire  - >> "{"using":"class name","value":"alliancetablebar"}"
5245 [Forwarding findElement on session 79884c66-605f-4a8c-9556-5013692f6c33 to remote] DEBUG org.apache.http.wire  - << "HTTP/1.1 200 OK[\r][\n]"
5245 [Forwarding findElement on session 79884c66-605f-4a8c-9556-5013692f6c33 to remote] DEBUG org.apache.http.wire  - << "Content-Length: 123[\r][\n]"
5245 [Forwarding findElement on session 79884c66-605f-4a8c-9556-5013692f6c33 to remote] DEBUG org.apache.http.wire  - << "Content-Type: application/json; charset=UTF-8[\r][\n]"
5245 [Forwarding findElement on session 79884c66-605f-4a8c-9556-5013692f6c33 to remote] DEBUG org.apache.http.wire  - << "Vary: Accept-Charset, Accept-Encoding, Accept-Language, Accept[\r][\n]"
5245 [Forwarding findElement on session 79884c66-605f-4a8c-9556-5013692f6c33 to remote] DEBUG org.apache.http.wire  - << "Accept-Ranges: bytes[\r][\n]"
5245 [Forwarding findElement on session 79884c66-605f-4a8c-9556-5013692f6c33 to remote] DEBUG org.apache.http.wire  - << "Connection: close[\r][\n]"
5245 [Forwarding findElement on session 79884c66-605f-4a8c-9556-5013692f6c33 to remote] DEBUG org.apache.http.wire  - << "[\r][\n]"
5245 [Forwarding findElement on session 79884c66-605f-4a8c-9556-5013692f6c33 to remote] DEBUG org.apache.http.impl.conn.DefaultClientConnection  - Receiving response: HTTP/1.1 200 OK
5245 [Forwarding findElement on session 79884c66-605f-4a8c-9556-5013692f6c33 to remote] DEBUG org.apache.http.headers  - << HTTP/1.1 200 OK
5245 [Forwarding findElement on session 79884c66-605f-4a8c-9556-5013692f6c33 to remote] DEBUG org.apache.http.headers  - << Content-Length: 123
5245 [Forwarding findElement on session 79884c66-605f-4a8c-9556-5013692f6c33 to remote] DEBUG org.apache.http.headers  - << Content-Type: application/json; charset=UTF-8
5245 [Forwarding findElement on session 79884c66-605f-4a8c-9556-5013692f6c33 to remote] DEBUG org.apache.http.headers  - << Vary: Accept-Charset, Accept-Encoding, Accept-Language, Accept
5245 [Forwarding findElement on session 79884c66-605f-4a8c-9556-5013692f6c33 to remote] DEBUG org.apache.http.headers  - << Accept-Ranges: bytes
5245 [Forwarding findElement on session 79884c66-605f-4a8c-9556-5013692f6c33 to remote] DEBUG org.apache.http.headers  - << Connection: close
5245 [Forwarding findElement on session 79884c66-605f-4a8c-9556-5013692f6c33 to remote] DEBUG org.apache.http.wire  - << "{"sessionId":"79884c66-605f-4a8c-9556-5013692f6c33","status":0,"value":{"ELEMENT":"b4f075e2-2253-43dc-bca8-1dd169262a5d"}}[\n]"
5245 [Forwarding findElement on session 79884c66-605f-4a8c-9556-5013692f6c33 to remote] DEBUG org.apache.http.impl.conn.DefaultClientConnection  - Connection 0.0.0.0:4017<->127.0.0.1:38029 shut down
5245 [Forwarding findElement on session 79884c66-605f-4a8c-9556-5013692f6c33 to remote] DEBUG org.apache.http.impl.conn.tsccm.ThreadSafeClientConnManager  - Released connection is not reusable.
5245 [Forwarding findElement on session 79884c66-605f-4a8c-9556-5013692f6c33 to remote] DEBUG org.apache.http.impl.conn.tsccm.ConnPoolByRoute  - Releasing connection [{}->http://localhost:38029][null]
5245 [Forwarding findElement on session 79884c66-605f-4a8c-9556-5013692f6c33 to remote] DEBUG org.apache.http.impl.conn.DefaultClientConnection  - Connection 0.0.0.0:4017<->127.0.0.1:38029 closed
5245 [Forwarding findElement on session 79884c66-605f-4a8c-9556-5013692f6c33 to remote] DEBUG org.apache.http.impl.conn.tsccm.ConnPoolByRoute  - Notifying no-one, there are no waiting threads
5245 [Forwarding isElementDisplayed on session 79884c66-605f-4a8c-9556-5013692f6c33 to remote] DEBUG org.apache.http.impl.conn.tsccm.ThreadSafeClientConnManager  - Get connection: {}->http://localhost:38029, timeout = 120000
5245 [Forwarding isElementDisplayed on session 79884c66-605f-4a8c-9556-5013692f6c33 to remote] DEBUG org.apache.http.impl.conn.tsccm.ConnPoolByRoute  - [{}->http://localhost:38029] total kept alive: 0, total issued: 0, total allocated: 0 out of 2000
5245 [Forwarding isElementDisplayed on session 79884c66-605f-4a8c-9556-5013692f6c33 to remote] DEBUG org.apache.http.impl.conn.tsccm.ConnPoolByRoute  - No free connections [{}->http://localhost:38029][null]
5245 [Forwarding isElementDisplayed on session 79884c66-605f-4a8c-9556-5013692f6c33 to remote] DEBUG org.apache.http.impl.conn.tsccm.ConnPoolByRoute  - Available capacity: 2000 out of 2000 [{}->http://localhost:38029][null]
5245 [Forwarding isElementDisplayed on session 79884c66-605f-4a8c-9556-5013692f6c33 to remote] DEBUG org.apache.http.impl.conn.tsccm.ConnPoolByRoute  - Creating new connection [{}->http://localhost:38029]
5245 [Forwarding isElementDisplayed on session 79884c66-605f-4a8c-9556-5013692f6c33 to remote] DEBUG org.apache.http.impl.conn.DefaultClientConnectionOperator  - Connecting to localhost:38029
5245 [Forwarding isElementDisplayed on session 79884c66-605f-4a8c-9556-5013692f6c33 to remote] DEBUG org.apache.http.client.protocol.RequestAddCookies  - CookieSpec selected: best-match
5245 [Forwarding isElementDisplayed on session 79884c66-605f-4a8c-9556-5013692f6c33 to remote] DEBUG org.apache.http.client.protocol.RequestAuthCache  - Auth cache not set in the context
5245 [Forwarding isElementDisplayed on session 79884c66-605f-4a8c-9556-5013692f6c33 to remote] DEBUG org.apache.http.client.protocol.RequestTargetAuthentication  - Target auth state: UNCHALLENGED
5245 [Forwarding isElementDisplayed on session 79884c66-605f-4a8c-9556-5013692f6c33 to remote] DEBUG org.apache.http.client.protocol.RequestProxyAuthentication  - Proxy auth state: UNCHALLENGED
5245 [Forwarding isElementDisplayed on session 79884c66-605f-4a8c-9556-5013692f6c33 to remote] DEBUG org.apache.http.impl.client.DefaultHttpClient  - Attempt 1 to execute request
5245 [Forwarding isElementDisplayed on session 79884c66-605f-4a8c-9556-5013692f6c33 to remote] DEBUG org.apache.http.impl.conn.DefaultClientConnection  - Sending request: GET /session/79884c66-605f-4a8c-9556-5013692f6c33/element/b4f075e2-2253-43dc-bca8-1dd169262a5d/displayed HTTP/1.1
5245 [Forwarding isElementDisplayed on session 79884c66-605f-4a8c-9556-5013692f6c33 to remote] DEBUG org.apache.http.wire  - >> "GET /session/79884c66-605f-4a8c-9556-5013692f6c33/element/b4f075e2-2253-43dc-bca8-1dd169262a5d/displayed HTTP/1.1[\r][\n]"
5245 [Forwarding isElementDisplayed on session 79884c66-605f-4a8c-9556-5013692f6c33 to remote] DEBUG org.apache.http.wire  - >> "Accept: application/json, image/png[\r][\n]"
5245 [Forwarding isElementDisplayed on session 79884c66-605f-4a8c-9556-5013692f6c33 to remote] DEBUG org.apache.http.wire  - >> "Cache-Control: no-cache[\r][\n]"
5245 [Forwarding isElementDisplayed on session 79884c66-605f-4a8c-9556-5013692f6c33 to remote] DEBUG org.apache.http.wire  - >> "Host: localhost:38029[\r][\n]"
5245 [Forwarding isElementDisplayed on session 79884c66-605f-4a8c-9556-5013692f6c33 to remote] DEBUG org.apache.http.wire  - >> "Connection: Keep-Alive[\r][\n]"
5245 [Forwarding isElementDisplayed on session 79884c66-605f-4a8c-9556-5013692f6c33 to remote] DEBUG org.apache.http.wire  - >> "[\r][\n]"
5245 [Forwarding isElementDisplayed on session 79884c66-605f-4a8c-9556-5013692f6c33 to remote] DEBUG org.apache.http.headers  - >> GET /session/79884c66-605f-4a8c-9556-5013692f6c33/element/b4f075e2-2253-43dc-bca8-1dd169262a5d/displayed HTTP/1.1
5245 [Forwarding isElementDisplayed on session 79884c66-605f-4a8c-9556-5013692f6c33 to remote] DEBUG org.apache.http.headers  - >> Accept: application/json, image/png
5245 [Forwarding isElementDisplayed on session 79884c66-605f-4a8c-9556-5013692f6c33 to remote] DEBUG org.apache.http.headers  - >> Cache-Control: no-cache
5245 [Forwarding isElementDisplayed on session 79884c66-605f-4a8c-9556-5013692f6c33 to remote] DEBUG org.apache.http.headers  - >> Host: localhost:38029
5245 [Forwarding isElementDisplayed on session 79884c66-605f-4a8c-9556-5013692f6c33 to remote] DEBUG org.apache.http.headers  - >> Connection: Keep-Alive
5354 [Forwarding isElementDisplayed on session 79884c66-605f-4a8c-9556-5013692f6c33 to remote] DEBUG org.apache.http.wire  - << "HTTP/1.1 200 OK[\r][\n]"
5354 [Forwarding isElementDisplayed on session 79884c66-605f-4a8c-9556-5013692f6c33 to remote] DEBUG org.apache.http.wire  - << "Content-Length: 77[\r][\n]"
5354 [Forwarding isElementDisplayed on session 79884c66-605f-4a8c-9556-5013692f6c33 to remote] DEBUG org.apache.http.wire  - << "Content-Type: application/json; charset=UTF-8[\r][\n]"
5354 [Forwarding isElementDisplayed on session 79884c66-605f-4a8c-9556-5013692f6c33 to remote] DEBUG org.apache.http.wire  - << "Vary: Accept-Charset, Accept-Encoding, Accept-Language, Accept[\r][\n]"
5354 [Forwarding isElementDisplayed on session 79884c66-605f-4a8c-9556-5013692f6c33 to remote] DEBUG org.apache.http.wire  - << "Accept-Ranges: bytes[\r][\n]"
5354 [Forwarding isElementDisplayed on session 79884c66-605f-4a8c-9556-5013692f6c33 to remote] DEBUG org.apache.http.wire  - << "Connection: close[\r][\n]"
5354 [Forwarding isElementDisplayed on session 79884c66-605f-4a8c-9556-5013692f6c33 to remote] DEBUG org.apache.http.wire  - << "[\r][\n]"
5354 [Forwarding isElementDisplayed on session 79884c66-605f-4a8c-9556-5013692f6c33 to remote] DEBUG org.apache.http.impl.conn.DefaultClientConnection  - Receiving response: HTTP/1.1 200 OK
5354 [Forwarding isElementDisplayed on session 79884c66-605f-4a8c-9556-5013692f6c33 to remote] DEBUG org.apache.http.headers  - << HTTP/1.1 200 OK
5354 [Forwarding isElementDisplayed on session 79884c66-605f-4a8c-9556-5013692f6c33 to remote] DEBUG org.apache.http.headers  - << Content-Length: 77
5354 [Forwarding isElementDisplayed on session 79884c66-605f-4a8c-9556-5013692f6c33 to remote] DEBUG org.apache.http.headers  - << Content-Type: application/json; charset=UTF-8
5354 [Forwarding isElementDisplayed on session 79884c66-605f-4a8c-9556-5013692f6c33 to remote] DEBUG org.apache.http.headers  - << Vary: Accept-Charset, Accept-Encoding, Accept-Language, Accept
5354 [Forwarding isElementDisplayed on session 79884c66-605f-4a8c-9556-5013692f6c33 to remote] DEBUG org.apache.http.headers  - << Accept-Ranges: bytes
5354 [Forwarding isElementDisplayed on session 79884c66-605f-4a8c-9556-5013692f6c33 to remote] DEBUG org.apache.http.headers  - << Connection: close
5354 [Forwarding isElementDisplayed on session 79884c66-605f-4a8c-9556-5013692f6c33 to remote] DEBUG org.apache.http.wire  - << "{"sessionId":"79884c66-605f-4a8c-9556-5013692f6c33","status":0,"value":true}[\n]"
5354 [Forwarding isElementDisplayed on session 79884c66-605f-4a8c-9556-5013692f6c33 to remote] DEBUG org.apache.http.impl.conn.DefaultClientConnection  - Connection 0.0.0.0:4018<->127.0.0.1:38029 shut down
5354 [Forwarding isElementDisplayed on session 79884c66-605f-4a8c-9556-5013692f6c33 to remote] DEBUG org.apache.http.impl.conn.tsccm.ThreadSafeClientConnManager  - Released connection is not reusable.
5354 [Forwarding isElementDisplayed on session 79884c66-605f-4a8c-9556-5013692f6c33 to remote] DEBUG org.apache.http.impl.conn.tsccm.ConnPoolByRoute  - Releasing connection [{}->http://localhost:38029][null]
5354 [Forwarding isElementDisplayed on session 79884c66-605f-4a8c-9556-5013692f6c33 to remote] DEBUG org.apache.http.impl.conn.DefaultClientConnection  - Connection 0.0.0.0:4018<->127.0.0.1:38029 closed
5354 [Forwarding isElementDisplayed on session 79884c66-605f-4a8c-9556-5013692f6c33 to remote] DEBUG org.apache.http.impl.conn.tsccm.ConnPoolByRoute  - Notifying no-one, there are no waiting threads
5354 [main] INFO com.allstate.utilities.LogHelper  - 04/11/2013 05:17:15 PM|Check|ScenarioID 1 Test Case|1|PASS|Impersonate menu Exist Expected [true] Actual [true]
5432 [Forwarding findElement on session 79884c66-605f-4a8c-9556-5013692f6c33 to remote] DEBUG org.apache.http.impl.conn.tsccm.ThreadSafeClientConnManager  - Get connection: {}->http://localhost:38029, timeout = 120000
5432 [Forwarding findElement on session 79884c66-605f-4a8c-9556-5013692f6c33 to remote] DEBUG org.apache.http.impl.conn.tsccm.ConnPoolByRoute  - [{}->http://localhost:38029] total kept alive: 0, total issued: 0, total allocated: 0 out of 2000
5432 [Forwarding findElement on session 79884c66-605f-4a8c-9556-5013692f6c33 to remote] DEBUG org.apache.http.impl.conn.tsccm.ConnPoolByRoute  - No free connections [{}->http://localhost:38029][null]
5432 [Forwarding findElement on session 79884c66-605f-4a8c-9556-5013692f6c33 to remote] DEBUG org.apache.http.impl.conn.tsccm.ConnPoolByRoute  - Available capacity: 2000 out of 2000 [{}->http://localhost:38029][null]
5432 [Forwarding findElement on session 79884c66-605f-4a8c-9556-5013692f6c33 to remote] DEBUG org.apache.http.impl.conn.tsccm.ConnPoolByRoute  - Creating new connection [{}->http://localhost:38029]
5432 [Forwarding findElement on session 79884c66-605f-4a8c-9556-5013692f6c33 to remote] DEBUG org.apache.http.impl.conn.DefaultClientConnectionOperator  - Connecting to localhost:38029
5432 [Forwarding findElement on session 79884c66-605f-4a8c-9556-5013692f6c33 to remote] DEBUG org.apache.http.client.protocol.RequestAddCookies  - CookieSpec selected: best-match
5432 [Forwarding findElement on session 79884c66-605f-4a8c-9556-5013692f6c33 to remote] DEBUG org.apache.http.client.protocol.RequestAuthCache  - Auth cache not set in the context
5432 [Forwarding findElement on session 79884c66-605f-4a8c-9556-5013692f6c33 to remote] DEBUG org.apache.http.client.protocol.RequestTargetAuthentication  - Target auth state: UNCHALLENGED
5432 [Forwarding findElement on session 79884c66-605f-4a8c-9556-5013692f6c33 to remote] DEBUG org.apache.http.client.protocol.RequestProxyAuthentication  - Proxy auth state: UNCHALLENGED
5432 [Forwarding findElement on session 79884c66-605f-4a8c-9556-5013692f6c33 to remote] DEBUG org.apache.http.impl.client.DefaultHttpClient  - Attempt 1 to execute request
5432 [Forwarding findElement on session 79884c66-605f-4a8c-9556-5013692f6c33 to remote] DEBUG org.apache.http.impl.conn.DefaultClientConnection  - Sending request: POST /session/79884c66-605f-4a8c-9556-5013692f6c33/element HTTP/1.1
5432 [Forwarding findElement on session 79884c66-605f-4a8c-9556-5013692f6c33 to remote] DEBUG org.apache.http.wire  - >> "POST /session/79884c66-605f-4a8c-9556-5013692f6c33/element HTTP/1.1[\r][\n]"
5432 [Forwarding findElement on session 79884c66-605f-4a8c-9556-5013692f6c33 to remote] DEBUG org.apache.http.wire  - >> "Accept: application/json, image/png[\r][\n]"
5432 [Forwarding findElement on session 79884c66-605f-4a8c-9556-5013692f6c33 to remote] DEBUG org.apache.http.wire  - >> "Content-Type: application/json; charset=utf-8[\r][\n]"
5432 [Forwarding findElement on session 79884c66-605f-4a8c-9556-5013692f6c33 to remote] DEBUG org.apache.http.wire  - >> "Content-Length: 39[\r][\n]"
5432 [Forwarding findElement on session 79884c66-605f-4a8c-9556-5013692f6c33 to remote] DEBUG org.apache.http.wire  - >> "Host: localhost:38029[\r][\n]"
5432 [Forwarding findElement on session 79884c66-605f-4a8c-9556-5013692f6c33 to remote] DEBUG org.apache.http.wire  - >> "Connection: Keep-Alive[\r][\n]"
5432 [Forwarding findElement on session 79884c66-605f-4a8c-9556-5013692f6c33 to remote] DEBUG org.apache.http.wire  - >> "[\r][\n]"
5432 [Forwarding findElement on session 79884c66-605f-4a8c-9556-5013692f6c33 to remote] DEBUG org.apache.http.headers  - >> POST /session/79884c66-605f-4a8c-9556-5013692f6c33/element HTTP/1.1
5432 [Forwarding findElement on session 79884c66-605f-4a8c-9556-5013692f6c33 to remote] DEBUG org.apache.http.headers  - >> Accept: application/json, image/png
5432 [Forwarding findElement on session 79884c66-605f-4a8c-9556-5013692f6c33 to remote] DEBUG org.apache.http.headers  - >> Content-Type: application/json; charset=utf-8
5432 [Forwarding findElement on session 79884c66-605f-4a8c-9556-5013692f6c33 to remote] DEBUG org.apache.http.headers  - >> Content-Length: 39
5432 [Forwarding findElement on session 79884c66-605f-4a8c-9556-5013692f6c33 to remote] DEBUG org.apache.http.headers  - >> Host: localhost:38029
5432 [Forwarding findElement on session 79884c66-605f-4a8c-9556-5013692f6c33 to remote] DEBUG org.apache.http.headers  - >> Connection: Keep-Alive
5432 [Forwarding findElement on session 79884c66-605f-4a8c-9556-5013692f6c33 to remote] DEBUG org.apache.http.wire  - >> "{"using":"name","value":"targetSystem"}"
5510 [Forwarding findElement on session 79884c66-605f-4a8c-9556-5013692f6c33 to remote] DEBUG org.apache.http.wire  - << "HTTP/1.1 200 OK[\r][\n]"
5510 [Forwarding findElement on session 79884c66-605f-4a8c-9556-5013692f6c33 to remote] DEBUG org.apache.http.wire  - << "Content-Length: 123[\r][\n]"
5510 [Forwarding findElement on session 79884c66-605f-4a8c-9556-5013692f6c33 to remote] DEBUG org.apache.http.wire  - << "Content-Type: application/json; charset=UTF-8[\r][\n]"
5510 [Forwarding findElement on session 79884c66-605f-4a8c-9556-5013692f6c33 to remote] DEBUG org.apache.http.wire  - << "Vary: Accept-Charset, Accept-Encoding, Accept-Language, Accept[\r][\n]"
5510 [Forwarding findElement on session 79884c66-605f-4a8c-9556-5013692f6c33 to remote] DEBUG org.apache.http.wire  - << "Accept-Ranges: bytes[\r][\n]"
5510 [Forwarding findElement on session 79884c66-605f-4a8c-9556-5013692f6c33 to remote] DEBUG org.apache.http.wire  - << "Connection: close[\r][\n]"
5510 [Forwarding findElement on session 79884c66-605f-4a8c-9556-5013692f6c33 to remote] DEBUG org.apache.http.wire  - << "[\r][\n]"
5510 [Forwarding findElement on session 79884c66-605f-4a8c-9556-5013692f6c33 to remote] DEBUG org.apache.http.impl.conn.DefaultClientConnection  - Receiving response: HTTP/1.1 200 OK
5510 [Forwarding findElement on session 79884c66-605f-4a8c-9556-5013692f6c33 to remote] DEBUG org.apache.http.headers  - << HTTP/1.1 200 OK
5510 [Forwarding findElement on session 79884c66-605f-4a8c-9556-5013692f6c33 to remote] DEBUG org.apache.http.headers  - << Content-Length: 123
5510 [Forwarding findElement on session 79884c66-605f-4a8c-9556-5013692f6c33 to remote] DEBUG org.apache.http.headers  - << Content-Type: application/json; charset=UTF-8
5510 [Forwarding findElement on session 79884c66-605f-4a8c-9556-5013692f6c33 to remote] DEBUG org.apache.http.headers  - << Vary: Accept-Charset, Accept-Encoding, Accept-Language, Accept
5510 [Forwarding findElement on session 79884c66-605f-4a8c-9556-5013692f6c33 to remote] DEBUG org.apache.http.headers  - << Accept-Ranges: bytes
5510 [Forwarding findElement on session 79884c66-605f-4a8c-9556-5013692f6c33 to remote] DEBUG org.apache.http.headers  - << Connection: close
5510 [Forwarding findElement on session 79884c66-605f-4a8c-9556-5013692f6c33 to remote] DEBUG org.apache.http.wire  - << "{"sessionId":"79884c66-605f-4a8c-9556-5013692f6c33","status":0,"value":{"ELEMENT":"5389b352-3eb9-4279-ba76-635a61fb25b1"}}[\n]"
5510 [Forwarding findElement on session 79884c66-605f-4a8c-9556-5013692f6c33 to remote] DEBUG org.apache.http.impl.conn.DefaultClientConnection  - Connection 0.0.0.0:4019<->127.0.0.1:38029 shut down
5510 [Forwarding findElement on session 79884c66-605f-4a8c-9556-5013692f6c33 to remote] DEBUG org.apache.http.impl.conn.tsccm.ThreadSafeClientConnManager  - Released connection is not reusable.
5510 [Forwarding findElement on session 79884c66-605f-4a8c-9556-5013692f6c33 to remote] DEBUG org.apache.http.impl.conn.tsccm.ConnPoolByRoute  - Releasing connection [{}->http://localhost:38029][null]
5510 [Forwarding findElement on session 79884c66-605f-4a8c-9556-5013692f6c33 to remote] DEBUG org.apache.http.impl.conn.DefaultClientConnection  - Connection 0.0.0.0:4019<->127.0.0.1:38029 closed
5510 [Forwarding findElement on session 79884c66-605f-4a8c-9556-5013692f6c33 to remote] DEBUG org.apache.http.impl.conn.tsccm.ConnPoolByRoute  - Notifying no-one, there are no waiting threads
6509 [Forwarding getElementTagName on session 79884c66-605f-4a8c-9556-5013692f6c33 to remote] DEBUG org.apache.http.impl.conn.tsccm.ThreadSafeClientConnManager  - Get connection: {}->http://localhost:38029, timeout = 120000
6509 [Forwarding getElementTagName on session 79884c66-605f-4a8c-9556-5013692f6c33 to remote] DEBUG org.apache.http.impl.conn.tsccm.ConnPoolByRoute  - [{}->http://localhost:38029] total kept alive: 0, total issued: 0, total allocated: 0 out of 2000
6509 [Forwarding getElementTagName on session 79884c66-605f-4a8c-9556-5013692f6c33 to remote] DEBUG org.apache.http.impl.conn.tsccm.ConnPoolByRoute  - No free connections [{}->http://localhost:38029][null]
6509 [Forwarding getElementTagName on session 79884c66-605f-4a8c-9556-5013692f6c33 to remote] DEBUG org.apache.http.impl.conn.tsccm.ConnPoolByRoute  - Available capacity: 2000 out of 2000 [{}->http://localhost:38029][null]
6509 [Forwarding getElementTagName on session 79884c66-605f-4a8c-9556-5013692f6c33 to remote] DEBUG org.apache.http.impl.conn.tsccm.ConnPoolByRoute  - Creating new connection [{}->http://localhost:38029]
6509 [Forwarding getElementTagName on session 79884c66-605f-4a8c-9556-5013692f6c33 to remote] DEBUG org.apache.http.impl.conn.DefaultClientConnectionOperator  - Connecting to localhost:38029
6509 [Forwarding getElementTagName on session 79884c66-605f-4a8c-9556-5013692f6c33 to remote] DEBUG org.apache.http.client.protocol.RequestAddCookies  - CookieSpec selected: best-match
6509 [Forwarding getElementTagName on session 79884c66-605f-4a8c-9556-5013692f6c33 to remote] DEBUG org.apache.http.client.protocol.RequestAuthCache  - Auth cache not set in the context
6509 [Forwarding getElementTagName on session 79884c66-605f-4a8c-9556-5013692f6c33 to remote] DEBUG org.apache.http.client.protocol.RequestTargetAuthentication  - Target auth state: UNCHALLENGED
6509 [Forwarding getElementTagName on session 79884c66-605f-4a8c-9556-5013692f6c33 to remote] DEBUG org.apache.http.client.protocol.RequestProxyAuthentication  - Proxy auth state: UNCHALLENGED
6509 [Forwarding getElementTagName on session 79884c66-605f-4a8c-9556-5013692f6c33 to remote] DEBUG org.apache.http.impl.client.DefaultHttpClient  - Attempt 1 to execute request
6509 [Forwarding getElementTagName on session 79884c66-605f-4a8c-9556-5013692f6c33 to remote] DEBUG org.apache.http.impl.conn.DefaultClientConnection  - Sending request: GET /session/79884c66-605f-4a8c-9556-5013692f6c33/element/5389b352-3eb9-4279-ba76-635a61fb25b1/name HTTP/1.1
6509 [Forwarding getElementTagName on session 79884c66-605f-4a8c-9556-5013692f6c33 to remote] DEBUG org.apache.http.wire  - >> "GET /session/79884c66-605f-4a8c-9556-5013692f6c33/element/5389b352-3eb9-4279-ba76-635a61fb25b1/name HTTP/1.1[\r][\n]"
6509 [Forwarding getElementTagName on session 79884c66-605f-4a8c-9556-5013692f6c33 to remote] DEBUG org.apache.http.wire  - >> "Accept: application/json, image/png[\r][\n]"
6509 [Forwarding getElementTagName on session 79884c66-605f-4a8c-9556-5013692f6c33 to remote] DEBUG org.apache.http.wire  - >> "Cache-Control: no-cache[\r][\n]"
6509 [Forwarding getElementTagName on session 79884c66-605f-4a8c-9556-5013692f6c33 to remote] DEBUG org.apache.http.wire  - >> "Host: localhost:38029[\r][\n]"
6509 [Forwarding getElementTagName on session 79884c66-605f-4a8c-9556-5013692f6c33 to remote] DEBUG org.apache.http.wire  - >> "Connection: Keep-Alive[\r][\n]"
6509 [Forwarding getElementTagName on session 79884c66-605f-4a8c-9556-5013692f6c33 to remote] DEBUG org.apache.http.wire  - >> "[\r][\n]"
6509 [Forwarding getElementTagName on session 79884c66-605f-4a8c-9556-5013692f6c33 to remote] DEBUG org.apache.http.headers  - >> GET /session/79884c66-605f-4a8c-9556-5013692f6c33/element/5389b352-3eb9-4279-ba76-635a61fb25b1/name HTTP/1.1
6509 [Forwarding getElementTagName on session 79884c66-605f-4a8c-9556-5013692f6c33 to remote] DEBUG org.apache.http.headers  - >> Accept: application/json, image/png
6509 [Forwarding getElementTagName on session 79884c66-605f-4a8c-9556-5013692f6c33 to remote] DEBUG org.apache.http.headers  - >> Cache-Control: no-cache
6509 [Forwarding getElementTagName on session 79884c66-605f-4a8c-9556-5013692f6c33 to remote] DEBUG org.apache.http.headers  - >> Host: localhost:38029
6509 [Forwarding getElementTagName on session 79884c66-605f-4a8c-9556-5013692f6c33 to remote] DEBUG org.apache.http.headers  - >> Connection: Keep-Alive
6556 [Forwarding getElementTagName on session 79884c66-605f-4a8c-9556-5013692f6c33 to remote] DEBUG org.apache.http.wire  - << "HTTP/1.1 200 OK[\r][\n]"
6556 [Forwarding getElementTagName on session 79884c66-605f-4a8c-9556-5013692f6c33 to remote] DEBUG org.apache.http.wire  - << "Content-Length: 81[\r][\n]"
6556 [Forwarding getElementTagName on session 79884c66-605f-4a8c-9556-5013692f6c33 to remote] DEBUG org.apache.http.wire  - << "Content-Type: application/json; charset=UTF-8[\r][\n]"
6556 [Forwarding getElementTagName on session 79884c66-605f-4a8c-9556-5013692f6c33 to remote] DEBUG org.apache.http.wire  - << "Vary: Accept-Charset, Accept-Encoding, Accept-Language, Accept[\r][\n]"
6556 [Forwarding getElementTagName on session 79884c66-605f-4a8c-9556-5013692f6c33 to remote] DEBUG org.apache.http.wire  - << "Accept-Ranges: bytes[\r][\n]"
6556 [Forwarding getElementTagName on session 79884c66-605f-4a8c-9556-5013692f6c33 to remote] DEBUG org.apache.http.wire  - << "Connection: close[\r][\n]"
6556 [Forwarding getElementTagName on session 79884c66-605f-4a8c-9556-5013692f6c33 to remote] DEBUG org.apache.http.wire  - << "[\r][\n]"
6556 [Forwarding getElementTagName on session 79884c66-605f-4a8c-9556-5013692f6c33 to remote] DEBUG org.apache.http.impl.conn.DefaultClientConnection  - Receiving response: HTTP/1.1 200 OK
6556 [Forwarding getElementTagName on session 79884c66-605f-4a8c-9556-5013692f6c33 to remote] DEBUG org.apache.http.headers  - << HTTP/1.1 200 OK
6556 [Forwarding getElementTagName on session 79884c66-605f-4a8c-9556-5013692f6c33 to remote] DEBUG org.apache.http.headers  - << Content-Length: 81
6556 [Forwarding getElementTagName on session 79884c66-605f-4a8c-9556-5013692f6c33 to remote] DEBUG org.apache.http.headers  - << Content-Type: application/json; charset=UTF-8
6556 [Forwarding getElementTagName on session 79884c66-605f-4a8c-9556-5013692f6c33 to remote] DEBUG org.apache.http.headers  - << Vary: Accept-Charset, Accept-Encoding, Accept-Language, Accept
6556 [Forwarding getElementTagName on session 79884c66-605f-4a8c-9556-5013692f6c33 to remote] DEBUG org.apache.http.headers  - << Accept-Ranges: bytes
6556 [Forwarding getElementTagName on session 79884c66-605f-4a8c-9556-5013692f6c33 to remote] DEBUG org.apache.http.headers  - << Connection: close
6556 [Forwarding getElementTagName on session 79884c66-605f-4a8c-9556-5013692f6c33 to remote] DEBUG org.apache.http.wire  - << "{"sessionId":"79884c66-605f-4a8c-9556-5013692f6c33","status":0,"value":"select"}[\n]"
6556 [Forwarding getElementTagName on session 79884c66-605f-4a8c-9556-5013692f6c33 to remote] DEBUG org.apache.http.impl.conn.DefaultClientConnection  - Connection 0.0.0.0:4027<->127.0.0.1:38029 shut down
6556 [Forwarding getElementTagName on session 79884c66-605f-4a8c-9556-5013692f6c33 to remote] DEBUG org.apache.http.impl.conn.tsccm.ThreadSafeClientConnManager  - Released connection is not reusable.
6556 [Forwarding getElementTagName on session 79884c66-605f-4a8c-9556-5013692f6c33 to remote] DEBUG org.apache.http.impl.conn.tsccm.ConnPoolByRoute  - Releasing connection [{}->http://localhost:38029][null]
6556 [Forwarding getElementTagName on session 79884c66-605f-4a8c-9556-5013692f6c33 to remote] DEBUG org.apache.http.impl.conn.DefaultClientConnection  - Connection 0.0.0.0:4027<->127.0.0.1:38029 closed
6556 [Forwarding getElementTagName on session 79884c66-605f-4a8c-9556-5013692f6c33 to remote] DEBUG org.apache.http.impl.conn.tsccm.ConnPoolByRoute  - Notifying no-one, there are no waiting threads
6556 [Forwarding getElementAttribute on session 79884c66-605f-4a8c-9556-5013692f6c33 to remote] DEBUG org.apache.http.impl.conn.tsccm.ThreadSafeClientConnManager  - Get connection: {}->http://localhost:38029, timeout = 120000
6556 [Forwarding getElementAttribute on session 79884c66-605f-4a8c-9556-5013692f6c33 to remote] DEBUG org.apache.http.impl.conn.tsccm.ConnPoolByRoute  - [{}->http://localhost:38029] total kept alive: 0, total issued: 0, total allocated: 0 out of 2000
6556 [Forwarding getElementAttribute on session 79884c66-605f-4a8c-9556-5013692f6c33 to remote] DEBUG org.apache.http.impl.conn.tsccm.ConnPoolByRoute  - No free connections [{}->http://localhost:38029][null]
6556 [Forwarding getElementAttribute on session 79884c66-605f-4a8c-9556-5013692f6c33 to remote] DEBUG org.apache.http.impl.conn.tsccm.ConnPoolByRoute  - Available capacity: 2000 out of 2000 [{}->http://localhost:38029][null]
6556 [Forwarding getElementAttribute on session 79884c66-605f-4a8c-9556-5013692f6c33 to remote] DEBUG org.apache.http.impl.conn.tsccm.ConnPoolByRoute  - Creating new connection [{}->http://localhost:38029]
6556 [Forwarding getElementAttribute on session 79884c66-605f-4a8c-9556-5013692f6c33 to remote] DEBUG org.apache.http.impl.conn.DefaultClientConnectionOperator  - Connecting to localhost:38029
6556 [Forwarding getElementAttribute on session 79884c66-605f-4a8c-9556-5013692f6c33 to remote] DEBUG org.apache.http.client.protocol.RequestAddCookies  - CookieSpec selected: best-match
6556 [Forwarding getElementAttribute on session 79884c66-605f-4a8c-9556-5013692f6c33 to remote] DEBUG org.apache.http.client.protocol.RequestAuthCache  - Auth cache not set in the context
6556 [Forwarding getElementAttribute on session 79884c66-605f-4a8c-9556-5013692f6c33 to remote] DEBUG org.apache.http.client.protocol.RequestTargetAuthentication  - Target auth state: UNCHALLENGED
6556 [Forwarding getElementAttribute on session 79884c66-605f-4a8c-9556-5013692f6c33 to remote] DEBUG org.apache.http.client.protocol.RequestProxyAuthentication  - Proxy auth state: UNCHALLENGED
6556 [Forwarding getElementAttribute on session 79884c66-605f-4a8c-9556-5013692f6c33 to remote] DEBUG org.apache.http.impl.client.DefaultHttpClient  - Attempt 1 to execute request
[...]
18748 [Forwarding findElement on session 79884c66-605f-4a8c-9556-5013692f6c33 to remote] DEBUG org.apache.http.headers  - >> Connection: Keep-Alive
18748 [Forwarding findElement on session 79884c66-605f-4a8c-9556-5013692f6c33 to remote] DEBUG org.apache.http.wire  - >> "{"using":"name","value":"launch"}"
18826 [Forwarding findElement on session 79884c66-605f-4a8c-9556-5013692f6c33 to remote] DEBUG org.apache.http.wire  - << "HTTP/1.1 200 OK[\r][\n]"
18826 [Forwarding findElement on session 79884c66-605f-4a8c-9556-5013692f6c33 to remote] DEBUG org.apache.http.wire  - << "Content-Length: 123[\r][\n]"
18826 [Forwarding findElement on session 79884c66-605f-4a8c-9556-5013692f6c33 to remote] DEBUG org.apache.http.wire  - << "Content-Type: application/json; charset=UTF-8[\r][\n]"
18826 [Forwarding findElement on session 79884c66-605f-4a8c-9556-5013692f6c33 to remote] DEBUG org.apache.http.wire  - << "Vary: Accept-Charset, Accept-Encoding, Accept-Language, Accept[\r][\n]"
18826 [Forwarding findElement on session 79884c66-605f-4a8c-9556-5013692f6c33 to remote] DEBUG org.apache.http.wire  - << "Accept-Ranges: bytes[\r][\n]"
18826 [Forwarding findElement on session 79884c66-605f-4a8c-9556-5013692f6c33 to remote] DEBUG org.apache.http.wire  - << "Connection: close[\r][\n]"
18826 [Forwarding findElement on session 79884c66-605f-4a8c-9556-5013692f6c33 to remote] DEBUG org.apache.http.wire  - << "[\r][\n]"
18826 [Forwarding findElement on session 79884c66-605f-4a8c-9556-5013692f6c33 to remote] DEBUG org.apache.http.impl.conn.DefaultClientConnection  - Receiving response: HTTP/1.1 200 OK
18826 [Forwarding findElement on session 79884c66-605f-4a8c-9556-5013692f6c33 to remote] DEBUG org.apache.http.headers  - << HTTP/1.1 200 OK
18826 [Forwarding findElement on session 79884c66-605f-4a8c-9556-5013692f6c33 to remote] DEBUG org.apache.http.headers  - << Content-Length: 123
18826 [Forwarding findElement on session 79884c66-605f-4a8c-9556-5013692f6c33 to remote] DEBUG org.apache.http.headers  - << Content-Type: application/json; charset=UTF-8
18826 [Forwarding findElement on session 79884c66-605f-4a8c-9556-5013692f6c33 to remote] DEBUG org.apache.http.headers  - << Vary: Accept-Charset, Accept-Encoding, Accept-Language, Accept
18826 [Forwarding findElement on session 79884c66-605f-4a8c-9556-5013692f6c33 to remote] DEBUG org.apache.http.headers  - << Accept-Ranges: bytes
18826 [Forwarding findElement on session 79884c66-605f-4a8c-9556-5013692f6c33 to remote] DEBUG org.apache.http.headers  - << Connection: close
18826 [Forwarding findElement on session 79884c66-605f-4a8c-9556-5013692f6c33 to remote] DEBUG org.apache.http.wire  - << "{"sessionId":"79884c66-605f-4a8c-9556-5013692f6c33","status":0,"value":{"ELEMENT":"bb8fc305-512b-4959-8229-baabcb85a7ca"}}[\n]"
18826 [Forwarding findElement on session 79884c66-605f-4a8c-9556-5013692f6c33 to remote] DEBUG org.apache.http.impl.conn.DefaultClientConnection  - Connection 0.0.0.0:4082<->127.0.0.1:38029 shut down
18826 [Forwarding findElement on session 79884c66-605f-4a8c-9556-5013692f6c33 to remote] DEBUG org.apache.http.impl.conn.tsccm.ThreadSafeClientConnManager  - Released connection is not reusable.
18826 [Forwarding findElement on session 79884c66-605f-4a8c-9556-5013692f6c33 to remote] DEBUG org.apache.http.impl.conn.tsccm.ConnPoolByRoute  - Releasing connection [{}->http://localhost:38029][null]
18826 [Forwarding findElement on session 79884c66-605f-4a8c-9556-5013692f6c33 to remote] DEBUG org.apache.http.impl.conn.DefaultClientConnection  - Connection 0.0.0.0:4082<->127.0.0.1:38029 closed
18826 [Forwarding findElement on session 79884c66-605f-4a8c-9556-5013692f6c33 to remote] DEBUG org.apache.http.impl.conn.tsccm.ConnPoolByRoute  - Notifying no-one, there are no waiting threads
18826 [Forwarding clickElement on session 79884c66-605f-4a8c-9556-5013692f6c33 to remote] DEBUG org.apache.http.impl.conn.tsccm.ThreadSafeClientConnManager  - Get connection: {}->http://localhost:38029, timeout = 120000
18826 [Forwarding clickElement on session 79884c66-605f-4a8c-9556-5013692f6c33 to remote] DEBUG org.apache.http.impl.conn.tsccm.ConnPoolByRoute  - [{}->http://localhost:38029] total kept alive: 0, total issued: 0, total allocated: 0 out of 2000
18826 [Forwarding clickElement on session 79884c66-605f-4a8c-9556-5013692f6c33 to remote] DEBUG org.apache.http.impl.conn.tsccm.ConnPoolByRoute  - No free connections [{}->http://localhost:38029][null]
18826 [Forwarding clickElement on session 79884c66-605f-4a8c-9556-5013692f6c33 to remote] DEBUG org.apache.http.impl.conn.tsccm.ConnPoolByRoute  - Available capacity: 2000 out of 2000 [{}->http://localhost:38029][null]
18826 [Forwarding clickElement on session 79884c66-605f-4a8c-9556-5013692f6c33 to remote] DEBUG org.apache.http.impl.conn.tsccm.ConnPoolByRoute  - Creating new connection [{}->http://localhost:38029]
18826 [Forwarding clickElement on session 79884c66-605f-4a8c-9556-5013692f6c33 to remote] DEBUG org.apache.http.impl.conn.DefaultClientConnectionOperator  - Connecting to localhost:38029
18826 [Forwarding clickElement on session 79884c66-605f-4a8c-9556-5013692f6c33 to remote] DEBUG org.apache.http.client.protocol.RequestAddCookies  - CookieSpec selected: best-match
18826 [Forwarding clickElement on session 79884c66-605f-4a8c-9556-5013692f6c33 to remote] DEBUG org.apache.http.client.protocol.RequestAuthCache  - Auth cache not set in the context
18826 [Forwarding clickElement on session 79884c66-605f-4a8c-9556-5013692f6c33 to remote] DEBUG org.apache.http.client.protocol.RequestTargetAuthentication  - Target auth state: UNCHALLENGED
18826 [Forwarding clickElement on session 79884c66-605f-4a8c-9556-5013692f6c33 to remote] DEBUG org.apache.http.client.protocol.RequestProxyAuthentication  - Proxy auth state: UNCHALLENGED
18826 [Forwarding clickElement on session 79884c66-605f-4a8c-9556-5013692f6c33 to remote] DEBUG org.apache.http.impl.client.DefaultHttpClient  - Attempt 1 to execute request
18826 [Forwarding clickElement on session 79884c66-605f-4a8c-9556-5013692f6c33 to remote] DEBUG org.apache.http.impl.conn.DefaultClientConnection  - Sending request: POST /session/79884c66-605f-4a8c-9556-5013692f6c33/element/bb8fc305-512b-4959-8229-baabcb85a7ca/click HTTP/1.1
18826 [Forwarding clickElement on session 79884c66-605f-4a8c-9556-5013692f6c33 to remote] DEBUG org.apache.http.wire  - >> "POST /session/79884c66-605f-4a8c-9556-5013692f6c33/element/bb8fc305-512b-4959-8229-baabcb85a7ca/click HTTP/1.1[\r][\n]"
18826 [Forwarding clickElement on session 79884c66-605f-4a8c-9556-5013692f6c33 to remote] DEBUG org.apache.http.wire  - >> "Accept: application/json, image/png[\r][\n]"
18826 [Forwarding clickElement on session 79884c66-605f-4a8c-9556-5013692f6c33 to remote] DEBUG org.apache.http.wire  - >> "Content-Type: application/json; charset=utf-8[\r][\n]"
18826 [Forwarding clickElement on session 79884c66-605f-4a8c-9556-5013692f6c33 to remote] DEBUG org.apache.http.wire  - >> "Content-Length: 45[\r][\n]"
18826 [Forwarding clickElement on session 79884c66-605f-4a8c-9556-5013692f6c33 to remote] DEBUG org.apache.http.wire  - >> "Host: localhost:38029[\r][\n]"
18826 [Forwarding clickElement on session 79884c66-605f-4a8c-9556-5013692f6c33 to remote] DEBUG org.apache.http.wire  - >> "Connection: Keep-Alive[\r][\n]"
18826 [Forwarding clickElement on session 79884c66-605f-4a8c-9556-5013692f6c33 to remote] DEBUG org.apache.http.wire  - >> "[\r][\n]"
18826 [Forwarding clickElement on session 79884c66-605f-4a8c-9556-5013692f6c33 to remote] DEBUG org.apache.http.headers  - >> POST /session/79884c66-605f-4a8c-9556-5013692f6c33/element/bb8fc305-512b-4959-8229-baabcb85a7ca/click HTTP/1.1
18826 [Forwarding clickElement on session 79884c66-605f-4a8c-9556-5013692f6c33 to remote] DEBUG org.apache.http.headers  - >> Accept: application/json, image/png
18826 [Forwarding clickElement on session 79884c66-605f-4a8c-9556-5013692f6c33 to remote] DEBUG org.apache.http.headers  - >> Content-Type: application/json; charset=utf-8
18826 [Forwarding clickElement on session 79884c66-605f-4a8c-9556-5013692f6c33 to remote] DEBUG org.apache.http.headers  - >> Content-Length: 45
18826 [Forwarding clickElement on session 79884c66-605f-4a8c-9556-5013692f6c33 to remote] DEBUG org.apache.http.headers  - >> Host: localhost:38029
18826 [Forwarding clickElement on session 79884c66-605f-4a8c-9556-5013692f6c33 to remote] DEBUG org.apache.http.headers  - >> Connection: Keep-Alive
18826 [Forwarding clickElement on session 79884c66-605f-4a8c-9556-5013692f6c33 to remote] DEBUG org.apache.http.wire  - >> "{"id":"bb8fc305-512b-4959-8229-baabcb85a7ca"}"
19138 [Forwarding clickElement on session 79884c66-605f-4a8c-9556-5013692f6c33 to remote] DEBUG org.apache.http.wire  - << "HTTP/1.1 200 OK[\r][\n]"
19138 [Forwarding clickElement on session 79884c66-605f-4a8c-9556-5013692f6c33 to remote] DEBUG org.apache.http.wire  - << "Content-Length: 77[\r][\n]"
19138 [Forwarding clickElement on session 79884c66-605f-4a8c-9556-5013692f6c33 to remote] DEBUG org.apache.http.wire  - << "Content-Type: application/json; charset=UTF-8[\r][\n]"
19138 [Forwarding clickElement on session 79884c66-605f-4a8c-9556-5013692f6c33 to remote] DEBUG org.apache.http.wire  - << "Vary: Accept-Charset, Accept-Encoding, Accept-Language, Accept[\r][\n]"
19138 [Forwarding clickElement on session 79884c66-605f-4a8c-9556-5013692f6c33 to remote] DEBUG org.apache.http.wire  - << "Accept-Ranges: bytes[\r][\n]"
19138 [Forwarding clickElement on session 79884c66-605f-4a8c-9556-5013692f6c33 to remote] DEBUG org.apache.http.wire  - << "Connection: close[\r][\n]"
19138 [Forwarding clickElement on session 79884c66-605f-4a8c-9556-5013692f6c33 to remote] DEBUG org.apache.http.wire  - << "[\r][\n]"
19138 [Forwarding clickElement on session 79884c66-605f-4a8c-9556-5013692f6c33 to remote] DEBUG org.apache.http.impl.conn.DefaultClientConnection  - Receiving response: HTTP/1.1 200 OK
19138 [Forwarding clickElement on session 79884c66-605f-4a8c-9556-5013692f6c33 to remote] DEBUG org.apache.http.headers  - << HTTP/1.1 200 OK
19138 [Forwarding clickElement on session 79884c66-605f-4a8c-9556-5013692f6c33 to remote] DEBUG org.apache.http.headers  - << Content-Length: 77
19138 [Forwarding clickElement on session 79884c66-605f-4a8c-9556-5013692f6c33 to remote] DEBUG org.apache.http.headers  - << Content-Type: application/json; charset=UTF-8
19138 [Forwarding clickElement on session 79884c66-605f-4a8c-9556-5013692f6c33 to remote] DEBUG org.apache.http.headers  - << Vary: Accept-Charset, Accept-Encoding, Accept-Language, Accept
19138 [Forwarding clickElement on session 79884c66-605f-4a8c-9556-5013692f6c33 to remote] DEBUG org.apache.http.headers  - << Accept-Ranges: bytes
19138 [Forwarding clickElement on session 79884c66-605f-4a8c-9556-5013692f6c33 to remote] DEBUG org.apache.http.headers  - << Connection: close
19138 [Forwarding clickElement on session 79884c66-605f-4a8c-9556-5013692f6c33 to remote] DEBUG org.apache.http.wire  - << "{"sessionId":"79884c66-605f-4a8c-9556-5013692f6c33","status":0,"value":null}[\n]"
19138 [Forwarding clickElement on session 79884c66-605f-4a8c-9556-5013692f6c33 to remote] DEBUG org.apache.http.impl.conn.DefaultClientConnection  - Connection 0.0.0.0:4083<->127.0.0.1:38029 shut down
19138 [Forwarding clickElement on session 79884c66-605f-4a8c-9556-5013692f6c33 to remote] DEBUG org.apache.http.impl.conn.tsccm.ThreadSafeClientConnManager  - Released connection is not reusable.
19138 [Forwarding clickElement on session 79884c66-605f-4a8c-9556-5013692f6c33 to remote] DEBUG org.apache.http.impl.conn.tsccm.ConnPoolByRoute  - Releasing connection [{}->http://localhost:38029][null]
19138 [Forwarding clickElement on session 79884c66-605f-4a8c-9556-5013692f6c33 to remote] DEBUG org.apache.http.impl.conn.DefaultClientConnection  - Connection 0.0.0.0:4083<->127.0.0.1:38029 closed
19138 [Forwarding clickElement on session 79884c66-605f-4a8c-9556-5013692f6c33 to remote] DEBUG org.apache.http.impl.conn.tsccm.ConnPoolByRoute  - Notifying no-one, there are no waiting threads
19138 [main] INFO com.allstate.utilities.LogHelper  - ---------------------------------------------------------------------------------
19138 [main] INFO com.allstate.utilities.LogHelper  - Test Case Checks  = 1
19138 [main] INFO com.allstate.utilities.LogHelper  - Test Case Errors  = 0
19138 [main] INFO com.allstate.utilities.LogHelper  - Test Case Known Issues = 
19138 [main] INFO com.allstate.utilities.LogHelper  - Test Case Status  = PASS
19138 [main] INFO com.allstate.utilities.LogHelper  - Test Case Time 	= Thu Apr 11 17:17:29 CDT 2013
19138 [main] INFO com.allstate.utilities.LogHelper  - Test Case End 	= Thu Apr 11 17:17:29 CDT 2013
19138 [main] INFO com.allstate.utilities.LogHelper  - *********************************************************************************
19138 [Forwarding quit on session 79884c66-605f-4a8c-9556-5013692f6c33 to remote] DEBUG org.apache.http.impl.conn.tsccm.ThreadSafeClientConnManager  - Get connection: {}->http://localhost:38029, timeout = 120000
19138 [Forwarding quit on session 79884c66-605f-4a8c-9556-5013692f6c33 to remote] DEBUG org.apache.http.impl.conn.tsccm.ConnPoolByRoute  - [{}->http://localhost:38029] total kept alive: 0, total issued: 0, total allocated: 0 out of 2000
19138 [Forwarding quit on session 79884c66-605f-4a8c-9556-5013692f6c33 to remote] DEBUG org.apache.http.impl.conn.tsccm.ConnPoolByRoute  - No free connections [{}->http://localhost:38029][null]
19138 [Forwarding quit on session 79884c66-605f-4a8c-9556-5013692f6c33 to remote] DEBUG org.apache.http.impl.conn.tsccm.ConnPoolByRoute  - Available capacity: 2000 out of 2000 [{}->http://localhost:38029][null]
19138 [Forwarding quit on session 79884c66-605f-4a8c-9556-5013692f6c33 to remote] DEBUG org.apache.http.impl.conn.tsccm.ConnPoolByRoute  - Creating new connection [{}->http://localhost:38029]
19138 [Forwarding quit on session 79884c66-605f-4a8c-9556-5013692f6c33 to remote] DEBUG org.apache.http.impl.conn.DefaultClientConnectionOperator  - Connecting to localhost:38029
19138 [Forwarding quit on session 79884c66-605f-4a8c-9556-5013692f6c33 to remote] DEBUG org.apache.http.client.protocol.RequestAddCookies  - CookieSpec selected: best-match
19138 [Forwarding quit on session 79884c66-605f-4a8c-9556-5013692f6c33 to remote] DEBUG org.apache.http.client.protocol.RequestAuthCache  - Auth cache not set in the context
19138 [Forwarding quit on session 79884c66-605f-4a8c-9556-5013692f6c33 to remote] DEBUG org.apache.http.client.protocol.RequestTargetAuthentication  - Target auth state: UNCHALLENGED
19138 [Forwarding quit on session 79884c66-605f-4a8c-9556-5013692f6c33 to remote] DEBUG org.apache.http.client.protocol.RequestProxyAuthentication  - Proxy auth state: UNCHALLENGED
19138 [Forwarding quit on session 79884c66-605f-4a8c-9556-5013692f6c33 to remote] DEBUG org.apache.http.impl.client.DefaultHttpClient  - Attempt 1 to execute request
19138 [Forwarding quit on session 79884c66-605f-4a8c-9556-5013692f6c33 to remote] DEBUG org.apache.http.impl.conn.DefaultClientConnection  - Sending request: DELETE /session/79884c66-605f-4a8c-9556-5013692f6c33 HTTP/1.1
19138 [Forwarding quit on session 79884c66-605f-4a8c-9556-5013692f6c33 to remote] DEBUG org.apache.http.wire  - >> "DELETE /session/79884c66-605f-4a8c-9556-5013692f6c33 HTTP/1.1[\r][\n]"
19138 [Forwarding quit on session 79884c66-605f-4a8c-9556-5013692f6c33 to remote] DEBUG org.apache.http.wire  - >> "Accept: application/json, image/png[\r][\n]"
19138 [Forwarding quit on session 79884c66-605f-4a8c-9556-5013692f6c33 to remote] DEBUG org.apache.http.wire  - >> "Host: localhost:38029[\r][\n]"
19138 [Forwarding quit on session 79884c66-605f-4a8c-9556-5013692f6c33 to remote] DEBUG org.apache.http.wire  - >> "Connection: Keep-Alive[\r][\n]"
19138 [Forwarding quit on session 79884c66-605f-4a8c-9556-5013692f6c33 to remote] DEBUG org.apache.http.wire  - >> "[\r][\n]"
19138 [Forwarding quit on session 79884c66-605f-4a8c-9556-5013692f6c33 to remote] DEBUG org.apache.http.headers  - >> DELETE /session/79884c66-605f-4a8c-9556-5013692f6c33 HTTP/1.1
19138 [Forwarding quit on session 79884c66-605f-4a8c-9556-5013692f6c33 to remote] DEBUG org.apache.http.headers  - >> Accept: application/json, image/png
19138 [Forwarding quit on session 79884c66-605f-4a8c-9556-5013692f6c33 to remote] DEBUG org.apache.http.headers  - >> Host: localhost:38029
19138 [Forwarding quit on session 79884c66-605f-4a8c-9556-5013692f6c33 to remote] DEBUG org.apache.http.headers  - >> Connection: Keep-Alive
19169 [Forwarding quit on session 79884c66-605f-4a8c-9556-5013692f6c33 to remote] DEBUG org.apache.http.wire  - << "HTTP/1.1 200 OK[\r][\n]"
19169 [Forwarding quit on session 79884c66-605f-4a8c-9556-5013692f6c33 to remote] DEBUG org.apache.http.wire  - << "Content-Length: 77[\r][\n]"
19169 [Forwarding quit on session 79884c66-605f-4a8c-9556-5013692f6c33 to remote] DEBUG org.apache.http.wire  - << "Content-Type: application/json; charset=UTF-8[\r][\n]"
19169 [Forwarding quit on session 79884c66-605f-4a8c-9556-5013692f6c33 to remote] DEBUG org.apache.http.wire  - << "Vary: Accept-Charset, Accept-Encoding, Accept-Language, Accept[\r][\n]"
19169 [Forwarding quit on session 79884c66-605f-4a8c-9556-5013692f6c33 to remote] DEBUG org.apache.http.wire  - << "Accept-Ranges: bytes[\r][\n]"
19169 [Forwarding quit on session 79884c66-605f-4a8c-9556-5013692f6c33 to remote] DEBUG org.apache.http.wire  - << "Connection: close[\r][\n]"
19169 [Forwarding quit on session 79884c66-605f-4a8c-9556-5013692f6c33 to remote] DEBUG org.apache.http.wire  - << "[\r][\n]"
19169 [Forwarding quit on session 79884c66-605f-4a8c-9556-5013692f6c33 to remote] DEBUG org.apache.http.impl.conn.DefaultClientConnection  - Receiving response: HTTP/1.1 200 OK
19169 [Forwarding quit on session 79884c66-605f-4a8c-9556-5013692f6c33 to remote] DEBUG org.apache.http.headers  - << HTTP/1.1 200 OK
19169 [Forwarding quit on session 79884c66-605f-4a8c-9556-5013692f6c33 to remote] DEBUG org.apache.http.headers  - << Content-Length: 77
19169 [Forwarding quit on session 79884c66-605f-4a8c-9556-5013692f6c33 to remote] DEBUG org.apache.http.headers  - << Content-Type: application/json; charset=UTF-8
19169 [Forwarding quit on session 79884c66-605f-4a8c-9556-5013692f6c33 to remote] DEBUG org.apache.http.headers  - << Vary: Accept-Charset, Accept-Encoding, Accept-Language, Accept
19169 [Forwarding quit on session 79884c66-605f-4a8c-9556-5013692f6c33 to remote] DEBUG org.apache.http.headers  - << Accept-Ranges: bytes
19169 [Forwarding quit on session 79884c66-605f-4a8c-9556-5013692f6c33 to remote] DEBUG org.apache.http.headers  - << Connection: close
19169 [Forwarding quit on session 79884c66-605f-4a8c-9556-5013692f6c33 to remote] DEBUG org.apache.http.wire  - << "{"sessionId":"79884c66-605f-4a8c-9556-5013692f6c33","status":0,"value":null}[\n]"
19169 [Forwarding quit on session 79884c66-605f-4a8c-9556-5013692f6c33 to remote] DEBUG org.apache.http.impl.conn.DefaultClientConnection  - Connection 0.0.0.0:4084<->127.0.0.1:38029 shut down
19169 [Forwarding quit on session 79884c66-605f-4a8c-9556-5013692f6c33 to remote] DEBUG org.apache.http.impl.conn.tsccm.ThreadSafeClientConnManager  - Released connection is not reusable.
19169 [Forwarding quit on session 79884c66-605f-4a8c-9556-5013692f6c33 to remote] DEBUG org.apache.http.impl.conn.tsccm.ConnPoolByRoute  - Releasing connection [{}->http://localhost:38029][null]
19169 [Forwarding quit on session 79884c66-605f-4a8c-9556-5013692f6c33 to remote] DEBUG org.apache.http.impl.conn.DefaultClientConnection  - Connection 0.0.0.0:4084<->127.0.0.1:38029 closed
19169 [Forwarding quit on session 79884c66-605f-4a8c-9556-5013692f6c33 to remote] DEBUG org.apache.http.impl.conn.tsccm.ConnPoolByRoute  - Notifying no-one, there are no waiting threads
]]></system-out>
  <system-err><![CDATA[Started InternetExplorerDriver server (32-bit)
2.32.0.0
Listening on port 38029
]]></system-err>
</testsuite>
